Build started 6/12/2012 1:29:21 AM.
     1>Project "C:\testmod1\src\game\client\client_hl2mp-2005.vcxproj" on node 2 (build target(s)).
     1>InitializeBuildStatus:
         Creating ".\Debug_hl2mp\Client HL2MP.unsuccessfulbuild" because "AlwaysCreate" was specified.
       ClCompile:
         c:\Program Files (x86)\Microsoft Visual Studio 10.0\VC\bin\CL.exe /c /I.\ /I..\..\common /I..\..\public /I..\..\public\tier0 /I..\..\public\tier1 /I..\..\vgui2\include /I..\..\vgui2\controls /I..\..\game\shared /I.\game_controls /Ihl2mp\UI /I.\hl2mp /I..\..\game\shared\hl2mp /I.\hl2 /I.\hl2\elements /I..\..\game\shared\hl2 /I..\..\game\shared\Multiplayer /ZI /nologo /W4 /WX- /Od /Oy- /D WIN32 /D _WIN32 /D _DEBUG /D DEBUG /D _WINDOWS /D _USRDLL /D _CRT_SECURE_NO_DEPRECATE /D _CRT_NONSTDC_NO_DEPRECATE /D NO_STRING_T /D CLIENT_DLL /D VECTOR /D PROTECTED_THINGS_ENABLE /D fopen=dont_use_fopen /D strncpy=use_Q_strncpy_instead /D _snprintf=use_Q_snprintf_instead /D ENABLE_HTMLWINDOW /D HL2MP /D HL2_CLIENT_DLL /D VERSION_SAFE_STEAM_API_INTERFACES /D MP_SDK /D _WINDLL /D _MBCS /GF /Gm /RTC1 /MTd /GS- /fp:fast /Zc:wchar_t /Zc:forScope /GR /Yc"cbase.h" /Fp".\Debug_hl2mp\client.pch" /Fo".\Debug_hl2mp\\" /Fd".\Debug_hl2mp\vc100.pdb" /Gd /TP /analyze- /errorReport:prompt stdafx.cpp /MP 
         stdafx.cpp
         c:\Program Files (x86)\Microsoft Visual Studio 10.0\VC\bin\CL.exe /c /I.\ /I..\..\common /I..\..\public /I..\..\public\tier0 /I..\..\public\tier1 /I..\..\vgui2\include /I..\..\vgui2\controls /I..\..\game\shared /I.\game_controls /Ihl2mp\UI /I.\hl2mp /I..\..\game\shared\hl2mp /I.\hl2 /I.\hl2\elements /I..\..\game\shared\hl2 /I..\..\game\shared\Multiplayer /ZI /nologo /W4 /WX- /Od /Oy- /D WIN32 /D _WIN32 /D _DEBUG /D DEBUG /D _WINDOWS /D _USRDLL /D _CRT_SECURE_NO_DEPRECATE /D _CRT_NONSTDC_NO_DEPRECATE /D NO_STRING_T /D CLIENT_DLL /D VECTOR /D PROTECTED_THINGS_ENABLE /D fopen=dont_use_fopen /D strncpy=use_Q_strncpy_instead /D _snprintf=use_Q_snprintf_instead /D ENABLE_HTMLWINDOW /D HL2MP /D HL2_CLIENT_DLL /D VERSION_SAFE_STEAM_API_INTERFACES /D MP_SDK /D _WINDLL /D _MBCS /GF /Gm /RTC1 /MTd /GS- /fp:fast /Zc:wchar_t /Zc:forScope /GR /Yu"cbase.h" /Fp".\Debug_hl2mp\client.pch" /Fo".\Debug_hl2mp\\" /Fd".\Debug_hl2mp\vc100.pdb" /Gd /TP /analyze- /errorReport:prompt achievement_notification_panel.cpp ..\shared\achievement_saverestore.cpp ..\shared\achievementmgr.cpp ..\shared\achievements_hlx.cpp ..\shared\activitylist.cpp alphamaterialproxy.cpp ..\shared\ammodef.cpp animatedentitytextureproxy.cpp animatedoffsettextureproxy.cpp animatedtextureproxy.cpp AnimateSpecificTextureProxy.cpp ..\shared\animation.cpp ..\shared\base_playeranimstate.cpp ..\shared\baseachievement.cpp baseanimatedtextureproxy.cpp baseclientrendertargets.cpp ..\shared\basecombatcharacter_shared.cpp ..\shared\basecombatweapon_shared.cpp ..\shared\baseentity_shared.cpp ..\shared\basegrenade_shared.cpp ..\shared\baseparticleentity.cpp ..\shared\baseplayer_shared.cpp basepresence.cpp ..\shared\baseviewmodel_shared.cpp ..\shared\beam_shared.cpp beamdraw.cpp ..\..\public\bone_accessor.cpp bone_merge_cache.cpp c_ai_basehumanoid.cpp c_ai_basenpc.cpp c_baseanimating.cpp c_baseanimatingoverlay.cpp c_basecombatcharacter.cpp c_basecombatweapon.cpp c_basedoor.cpp c_baseentity.cpp c_baseflex.cpp c_baseplayer.cpp c_baseviewmodel.cpp c_breakableprop.cpp c_colorcorrection.cpp c_colorcorrectionvolume.cpp c_dynamiclight.cpp c_entitydissolve.cpp c_entityparticletrail.cpp c_env_fog_controller.cpp c_env_particlescript.cpp c_env_projectedtexture.cpp c_env_screenoverlay.cpp c_env_tonemap_controller.cpp c_fire_smoke.cpp c_fish.cpp c_func_areaportalwindow.cpp c_func_breakablesurf.cpp c_func_conveyor.cpp c_func_dust.cpp c_func_lod.cpp hl2\C_Func_Monitor.cpp c_func_occluder.cpp c_func_reflective_glass.cpp c_func_rotating.cpp c_func_smokevolume.cpp c_func_tracktrain.cpp c_gib.cpp c_hairball.cpp c_info_overlay_accessor.cpp c_lightglow.cpp C_MaterialModifyControl.cpp c_particle_system.cpp c_physbox.cpp c_physicsprop.cpp c_physmagnet.cpp c_pixel_visibility.cpp c_plasma.cpp c_playerresource.cpp c_point_camera.cpp c_point_commentary_node.cpp c_props.cpp c_ragdoll_manager.cpp c_rope.cpp c_rumble.cpp c_sceneentity.cpp c_shadowcontrol.cpp c_slideshow_display.cpp c_soundscape.cpp c_spotlight_end.cpp c_sprite.cpp c_sprite_perfmonitor.cpp c_sun.cpp c_team.cpp c_tesla.cpp c_test_proxytoggle.cpp c_user_message_register.cpp c_vehicle_choreo_generic.cpp c_vehicle_jeep.cpp c_vguiscreen.cpp hl2\c_waterbullet.cpp C_WaterLODControl.cpp c_world.cpp camomaterialproxy.cpp cdll_bounded_cvars.cpp cdll_client_int.cpp cdll_util.cpp cl_mat_stub.cpp classmap.cpp client_factorylist.cpp client_thinklist.cpp clienteffectprecachesystem.cpp cliententitylist.cpp clientleafsystem.cpp clientmode_shared.cpp clientshadowmgr.cpp clientsideeffects.cpp clientsideeffects_test.cpp ..\shared\collisionproperty.cpp colorcorrectionmgr.cpp commentary_modelviewer.cpp ..\shared\death_pose.cpp ..\shared\debugoverlay_shared.cpp ..\shared\decals.cpp detailobjectsystem.cpp dummyproxy.cpp ..\shared\effect_dispatch_data.cpp EffectsClient.cpp ..\shared\ehandle.cpp ..\shared\entitylist_base.cpp entityoriginmaterialproxy.cpp ..\shared\EntityParticleTrail_Shared.cpp ..\shared\env_detail_controller.cpp ..\shared\env_wind_shared.cpp ..\shared\eventlist.cpp flashlighteffect.cpp ..\shared\func_ladder.cpp functionproxy.cpp fx_blood.cpp fx_cube.cpp fx_explosion.cpp fx_fleck.cpp fx_impact.cpp fx_interpvalue.cpp fx_quad.cpp fx_shelleject.cpp fx_staticline.cpp fx_tracer.cpp fx_trail.cpp fx_water.cpp ..\shared\gamemovement.cpp ..\shared\gamerules.cpp ..\shared\gamerules_register.cpp ..\shared\GameStats.cpp ..\shared\gamestringpool.cpp gametrace_client.cpp ..\shared\gamevars_shared.cpp geiger.cpp glow_overlay.cpp ..\shared\hintmessage.cpp ..\shared\hintsystem.cpp history_resource.cpp hltvcamera.cpp hud.cpp hud_animationinfo.cpp hl2\hud_autoaim.cpp hud_basechat.cpp hud_basetimer.cpp hud_bitmapnumericdisplay.cpp hud_closecaption.cpp hud_crosshair.cpp hud_element_helper.cpp hl2\hud_filmdemo.cpp hl2\hud_hdrdemo.cpp hud_hintdisplay.cpp hud_msg.cpp hud_numericdisplay.cpp hud_pdump.cpp hud_redraw.cpp hud_vehicle.cpp hud_voicestatus.cpp hud_weapon.cpp ..\shared\igamesystem.cpp in_camera.cpp in_joystick.cpp in_main.cpp initializer.cpp interpolatedvar.cpp IsNPCProxy.cpp lampbeamproxy.cpp lamphaloproxy.cpp ..\shared\mapentities_shared.cpp mathproxy.cpp matrixproxy.cpp menu.cpp message.cpp movehelper_client.cpp ..\shared\movevars_shared.cpp ..\shared\mp_shareddefs.cpp ..\shared\multiplay_gamerules.cpp ..\shared\obstacle_pushaway.cpp panelmetaclassmgr.cpp particle_collision.cpp particle_litsmokeemitter.cpp ..\shared\particle_parse.cpp ..\shared\particle_property.cpp particle_proxies.cpp particle_simple3d.cpp particlemgr.cpp particles_attractor.cpp particles_ez.cpp particles_localspace.cpp particles_new.cpp particles_simple.cpp ..\shared\particlesystemquery.cpp perfvisualbenchmark.cpp physics.cpp physics_main_client.cpp ..\shared\physics_main_shared.cpp ..\shared\physics_saverestore.cpp ..\shared\physics_shared.cpp physpropclientside.cpp playerandobjectenumerator.cpp ..\shared\point_bonusmaps_accessor.cpp ..\shared\point_posecontroller.cpp ..\shared\precache_register.cpp ..\shared\predictableid.cpp ..\shared\predicted_viewmodel.cpp prediction.cpp ..\shared\predictioncopy.cpp ..\shared\props_shared.cpp proxyentity.cpp ProxyHealth.cpp proxyplayer.cpp proxypupil.cpp ragdoll.cpp ..\shared\ragdoll_shared.cpp recvproxy.cpp ..\shared\rope_helpers.cpp ..\shared\saverestore.cpp ..\shared\sceneentity_shared.cpp ScreenSpaceEffects.cpp ..\shared\sequence_Transitioner.cpp simple_keys.cpp ..\shared\simtimer.cpp ..\shared\singleplay_gamerules.cpp ..\shared\SoundEmitterSystem.cpp ..\shared\soundenvelope.cpp ..\..\public\SoundParametersInternal.cpp splinepatch.cpp ..\shared\Sprite.cpp spritemodel.cpp ..\shared\SpriteTrail.cpp ..\shared\studio_shared.cpp ..\shared\takedamageinfo.cpp ..\shared\teamplay_gamerules.cpp ..\shared\test_ehandle.cpp text_message.cpp texturescrollmaterialproxy.cpp timematerialproxy.cpp toggletextureproxy.cpp train.cpp ..\shared\usercmd.cpp ..\shared\usermessages.cpp ..\shared\util_shared.cpp ..\shared\vehicle_viewblend_shared.cpp vgui_avatarimage.cpp vgui_basepanel.cpp vgui_bitmapbutton.cpp vgui_bitmapimage.cpp vgui_bitmappanel.cpp vgui_centerstringpanel.cpp vgui_consolepanel.cpp vgui_debugoverlaypanel.cpp vgui_fpspanel.cpp vgui_game_viewport.cpp vgui_grid.cpp vgui_int.cpp vgui_loadingdiscpanel.cpp vgui_messagechars.cpp vgui_netgraphpanel.cpp vgui_slideshow_display_screen.cpp view.cpp view_beams.cpp view_effects.cpp view_scene.cpp viewangleanim.cpp ViewConeImage.cpp viewdebug.cpp viewpostprocess.cpp viewrender.cpp ..\shared\voice_banmgr.cpp ..\shared\voice_status.cpp warp_overlay.cpp WaterLODMaterialProxy.cpp ..\shared\weapon_parse.cpp weapon_selection.cpp weapons_resource.cpp WorldDimsProxy.cpp c_basetempentity.cpp c_effects.cpp c_impact_effects.cpp c_movie_explosion.cpp c_particle_fire.cpp c_particle_smokegrenade.cpp c_prop_vehicle.cpp c_recipientfilter.cpp c_smoke_trail.cpp c_smokestack.cpp c_steamjet.cpp c_stickybolt.cpp c_te.cpp c_te_armorricochet.cpp c_te_basebeam.cpp c_te_beamentpoint.cpp c_te_beaments.cpp c_te_beamfollow.cpp c_te_beamlaser.cpp c_te_beampoints.cpp c_te_beamring.cpp c_te_beamringpoint.cpp c_te_beamspline.cpp c_te_bloodsprite.cpp c_te_bloodstream.cpp c_te_breakmodel.cpp c_te_bspdecal.cpp c_te_bubbles.cpp c_te_bubbletrail.cpp c_te_clientprojectile.cpp c_te_decal.cpp c_te_dynamiclight.cpp c_te_effect_dispatch.cpp c_te_energysplash.cpp c_te_explosion.cpp c_te_fizz.cpp c_te_footprint.cpp c_te_glassshatter.cpp c_te_glowsprite.cpp c_te_impact.cpp c_te_killplayerattachments.cpp c_te_largefunnel.cpp c_te_legacytempents.cpp c_te_muzzleflash.cpp c_te_particlesystem.cpp c_te_physicsprop.cpp c_te_playerdecal.cpp c_te_projecteddecal.cpp c_te_showline.cpp c_te_smoke.cpp c_te_sparks.cpp c_te_sprite.cpp c_te_spritespray.cpp c_te_worlddecal.cpp c_testtraceline.cpp c_tracer.cpp fx.cpp fx_discreetline.cpp fx_envelope.cpp fx_line.cpp fx_sparks.cpp particlesphererenderer.cpp smoke_fog_overlay.cpp game_controls\basemodel_panel.cpp game_controls\basemodelpanel.cpp game_controls\baseviewport.cpp game_controls\classmenu.cpp game_controls\ClientScoreBoardDialog.cpp game_controls\commandmenu.cpp game_controls\IconPanel.cpp game_controls\intromenu.cpp game_controls\MapOverview.cpp game_controls\NavProgress.cpp game_controls\SpectatorGUI.cpp game_controls\teammenu.cpp game_controls\vguitextwindow.cpp ..\shared\hl2\basehlcombatweapon_shared.cpp hl2\c_antlion_dust.cpp hl2\c_ar2_explosion.cpp hl2\c_barnacle.cpp hl2\c_barney.cpp hl2\c_basehelicopter.cpp hl2\c_basehlcombatweapon.cpp hl2\c_basehlplayer.cpp hl2\c_citadel_effects.cpp hl2\c_corpse.cpp hl2\c_env_alyxtemp.cpp hl2\c_env_headcrabcanister.cpp hl2\c_env_starfield.cpp hl2\c_func_tankmortar.cpp hl2\c_hl2_playerlocaldata.cpp hl2\c_info_teleporter_countdown.cpp hl2\c_npc_antlionguard.cpp hl2\c_npc_combinegunship.cpp hl2\c_npc_manhack.cpp hl2\c_npc_rollermine.cpp hl2\c_plasma_beam_node.cpp hl2\c_prop_combine_ball.cpp hl2\c_rotorwash.cpp hl2\c_script_intro.cpp hl2\c_strider.cpp hl2\c_te_concussiveexplosion.cpp hl2\c_te_flare.cpp hl2\c_thumper_dust.cpp hl2\c_vehicle_airboat.cpp hl2\c_vehicle_cannon.cpp hl2\c_vehicle_crane.cpp hl2\c_vehicle_prisoner_pod.cpp episodic\c_vort_charge_token.cpp hl2\c_weapon__stubs_hl2.cpp hl2\c_weapon_crossbow.cpp ..\shared\hl2\env_headcrabcanister_shared.cpp hl2\fx_antlion.cpp hl2\fx_bugbait.cpp hl2\fx_hl2_impacts.cpp hl2\fx_hl2_tracers.cpp hl2\hl2_clientmode.cpp ..\shared\hl2\hl2_gamerules.cpp ..\shared\hl2\hl2_usermessages.cpp ..\shared\hl2\hl_gamemovement.cpp hl2\hl_in_main.cpp hl2\hl_prediction.cpp hl2\hud_ammo.cpp hl2\hud_battery.cpp hl2\hud_blood.cpp hl2\hud_credits.cpp hl2\hud_damageindicator.cpp hl2\hud_flashlight.cpp hl2\hud_health.cpp hl2\hud_poisondamageindicator.cpp hl2\hud_quickinfo.cpp hud_squadstatus.cpp hl2\hud_suitpower.cpp hl2\hud_weaponselection.cpp hl2\hud_zoom.cpp ..\shared\script_intro_shared.cpp hl2\shieldproxy.cpp hl2\vgui_rootpanel_hl2.cpp hl2mp\c_hl2mp_player.cpp hl2mp\c_te_hl2mp_shotgun_shot.cpp hl2mp\clientmode_hl2mpnormal.cpp ..\shared\hl2mp\hl2mp_gamerules.cpp ..\shared\hl2mp\hl2mp_player_shared.cpp ..\shared\hl2mp\hl2mp_playeranimstate.cpp ..\shared\hl2mp\hl2mp_weapon_parse.cpp ..\shared\hl2mp\weapon_357.cpp ..\shared\hl2mp\weapon_ar2.cpp ..\shared\hl2mp\weapon_crossbow.cpp ..\shared\hl2mp\weapon_crowbar.cpp ..\shared\hl2mp\weapon_frag.cpp ..\shared\hl2mp\weapon_hl2mpbase.cpp ..\shared\hl2mp\weapon_hl2mpbase_machinegun.cpp ..\shared\hl2mp\weapon_hl2mpbasebasebludgeon.cpp ..\shared\hl2mp\weapon_hl2mpbasehlmpcombatweapon.cpp ..\shared\hl2mp\weapon_physcannon.cpp ..\shared\hl2mp\weapon_pistol.cpp ..\shared\hl2mp\weapon_rpg.cpp ..\shared\hl2mp\weapon_shotgun.cpp ..\shared\hl2mp\weapon_slam.cpp ..\shared\hl2mp\weapon_smg1.cpp ..\shared\hl2mp\weapon_stunstick.cpp hl2mp\ui\backgroundpanel.cpp hl2mp\hl2mp_hud_chat.cpp hl2mp\hl2mp_hud_target_id.cpp hl2mp\hl2mp_hud_team.cpp hl2mp\ui\hl2mpclientscoreboard.cpp hl2mp\ui\hl2mptextwindow.cpp hl2mp\hud_deathnotice.cpp ..\shared\Multiplayer\multiplayer_animstate.cpp mp3player.cpp ..\..\public\tools\bonelist.cpp entity_client_tools.cpp toolframework_client.cpp /MP 
     1>cl : Command line warning D9030: '/Gm' is incompatible with multiprocessing; ignoring /MP switch
         toolframework_client.cpp
         entity_client_tools.cpp
         bonelist.cpp
         mp3player.cpp
         multiplayer_animstate.cpp
         hud_deathnotice.cpp
         hl2mptextwindow.cpp
         hl2mpclientscoreboard.cpp
         hl2mp_hud_team.cpp
         hl2mp_hud_target_id.cpp
         hl2mp_hud_chat.cpp
         backgroundpanel.cpp
         weapon_stunstick.cpp
         weapon_smg1.cpp
         weapon_slam.cpp
         weapon_shotgun.cpp
         weapon_rpg.cpp
         weapon_pistol.cpp
         weapon_physcannon.cpp
         weapon_hl2mpbasehlmpcombatweapon.cpp
         Generating Code...
         Compiling...
         weapon_hl2mpbasebasebludgeon.cpp
         weapon_hl2mpbase_machinegun.cpp
         weapon_hl2mpbase.cpp
         weapon_frag.cpp
         weapon_crowbar.cpp
         weapon_crossbow.cpp
         weapon_ar2.cpp
         weapon_357.cpp
         hl2mp_weapon_parse.cpp
         hl2mp_playeranimstate.cpp
         hl2mp_player_shared.cpp
         hl2mp_gamerules.cpp
         clientmode_hl2mpnormal.cpp
         c_te_hl2mp_shotgun_shot.cpp
         c_hl2mp_player.cpp
         vgui_rootpanel_hl2.cpp
         shieldproxy.cpp
         script_intro_shared.cpp
         hud_zoom.cpp
         hud_weaponselection.cpp
         Generating Code...
         Compiling...
         hud_suitpower.cpp
         hud_squadstatus.cpp
         hud_quickinfo.cpp
         hud_poisondamageindicator.cpp
         hud_health.cpp
         hud_flashlight.cpp
     1>c:\testmod1\src\game\client\hl2\hud_flashlight.cpp(7): warning C4627: '#include "hudelement.h"': skipped when looking for precompiled header use
                 Add directive to 'cbase.h' or rebuild precompiled header
     1>c:\testmod1\src\game\client\hl2\hud_flashlight.cpp(8): warning C4627: '#include "hud_numericdisplay.h"': skipped when looking for precompiled header use
                 Add directive to 'cbase.h' or rebuild precompiled header
     1>c:\testmod1\src\game\client\hl2\hud_flashlight.cpp(9): warning C4627: '#include <vgui_controls/Panel.h>': skipped when looking for precompiled header use
                 Add directive to 'cbase.h' or rebuild precompiled header
         hud_damageindicator.cpp
         hud_credits.cpp
     1>c:\testmod1\src\game\client\hl2\hud_credits.cpp(7): warning C4627: '#include "hudelement.h"': skipped when looking for precompiled header use
                 Add directive to 'cbase.h' or rebuild precompiled header
     1>c:\testmod1\src\game\client\hl2\hud_credits.cpp(8): warning C4627: '#include "hud_numericdisplay.h"': skipped when looking for precompiled header use
                 Add directive to 'cbase.h' or rebuild precompiled header
     1>c:\testmod1\src\game\client\hl2\hud_credits.cpp(9): warning C4627: '#include <vgui_controls/Panel.h>': skipped when looking for precompiled header use
                 Add directive to 'cbase.h' or rebuild precompiled header
         hud_blood.cpp
         hud_battery.cpp
         hud_ammo.cpp
         hl_prediction.cpp
         hl_in_main.cpp
         hl_gamemovement.cpp
         hl2_usermessages.cpp
         hl2_gamerules.cpp
         hl2_clientmode.cpp
         fx_hl2_tracers.cpp
         fx_hl2_impacts.cpp
         fx_bugbait.cpp
         Generating Code...
         Compiling...
         fx_antlion.cpp
         env_headcrabcanister_shared.cpp
         c_weapon_crossbow.cpp
         c_weapon__stubs_hl2.cpp
         c_vort_charge_token.cpp
         c_vehicle_prisoner_pod.cpp
         c_vehicle_crane.cpp
         c_vehicle_cannon.cpp
         c_vehicle_airboat.cpp
         c_thumper_dust.cpp
         c_te_flare.cpp
         c_te_concussiveexplosion.cpp
         c_strider.cpp
         c_script_intro.cpp
         c_rotorwash.cpp
         c_prop_combine_ball.cpp
         c_plasma_beam_node.cpp
         c_npc_rollermine.cpp
         c_npc_manhack.cpp
         c_npc_combinegunship.cpp
         Generating Code...
         Compiling...
         c_npc_antlionguard.cpp
         c_info_teleporter_countdown.cpp
         c_hl2_playerlocaldata.cpp
         c_func_tankmortar.cpp
         c_env_starfield.cpp
         c_env_headcrabcanister.cpp
         c_env_alyxtemp.cpp
         c_corpse.cpp
         c_citadel_effects.cpp
         c_basehlplayer.cpp
         c_basehlcombatweapon.cpp
         c_basehelicopter.cpp
         c_barney.cpp
         c_barnacle.cpp
         c_ar2_explosion.cpp
         c_antlion_dust.cpp
         basehlcombatweapon_shared.cpp
         vguitextwindow.cpp
         teammenu.cpp
         SpectatorGUI.cpp
         Generating Code...
         Compiling...
         NavProgress.cpp
         MapOverview.cpp
         intromenu.cpp
         IconPanel.cpp
         commandmenu.cpp
         ClientScoreBoardDialog.cpp
         classmenu.cpp
         baseviewport.cpp
         basemodelpanel.cpp
         basemodel_panel.cpp
         smoke_fog_overlay.cpp
         particlesphererenderer.cpp
         fx_sparks.cpp
         fx_line.cpp
         fx_envelope.cpp
         fx_discreetline.cpp
         fx.cpp
         c_tracer.cpp
         c_testtraceline.cpp
         c_te_worlddecal.cpp
         Generating Code...
         Compiling...
         c_te_spritespray.cpp
         c_te_sprite.cpp
         c_te_sparks.cpp
         c_te_smoke.cpp
         c_te_showline.cpp
         c_te_projecteddecal.cpp
         c_te_playerdecal.cpp
         c_te_physicsprop.cpp
         c_te_particlesystem.cpp
         c_te_muzzleflash.cpp
         c_te_legacytempents.cpp
         c_te_largefunnel.cpp
         c_te_killplayerattachments.cpp
         c_te_impact.cpp
         c_te_glowsprite.cpp
         c_te_glassshatter.cpp
         c_te_footprint.cpp
         c_te_fizz.cpp
         c_te_explosion.cpp
         c_te_energysplash.cpp
         Generating Code...
         Compiling...
         c_te_effect_dispatch.cpp
         c_te_dynamiclight.cpp
         c_te_decal.cpp
         c_te_clientprojectile.cpp
         c_te_bubbletrail.cpp
         c_te_bubbles.cpp
         c_te_bspdecal.cpp
         c_te_breakmodel.cpp
         c_te_bloodstream.cpp
         c_te_bloodsprite.cpp
         c_te_beamspline.cpp
         c_te_beamringpoint.cpp
         c_te_beamring.cpp
         c_te_beampoints.cpp
         c_te_beamlaser.cpp
         c_te_beamfollow.cpp
         c_te_beaments.cpp
         c_te_beamentpoint.cpp
         c_te_basebeam.cpp
         c_te_armorricochet.cpp
         Generating Code...
         Compiling...
         c_te.cpp
         c_stickybolt.cpp
         c_steamjet.cpp
         c_smokestack.cpp
         c_smoke_trail.cpp
         c_recipientfilter.cpp
         c_prop_vehicle.cpp
         c_particle_smokegrenade.cpp
         c_particle_fire.cpp
         c_movie_explosion.cpp
         c_impact_effects.cpp
         c_effects.cpp
         c_basetempentity.cpp
         WorldDimsProxy.cpp
         weapons_resource.cpp
         weapon_selection.cpp
         weapon_parse.cpp
         WaterLODMaterialProxy.cpp
         warp_overlay.cpp
         voice_status.cpp
         Generating Code...
         Compiling...
         voice_banmgr.cpp
         viewrender.cpp
         viewpostprocess.cpp
         viewdebug.cpp
         ViewConeImage.cpp
         viewangleanim.cpp
         view_scene.cpp
         view_effects.cpp
         view_beams.cpp
         view.cpp
         vgui_slideshow_display_screen.cpp
         vgui_netgraphpanel.cpp
         vgui_messagechars.cpp
         vgui_loadingdiscpanel.cpp
         vgui_int.cpp
         vgui_grid.cpp
         vgui_game_viewport.cpp
         vgui_fpspanel.cpp
         vgui_debugoverlaypanel.cpp
         vgui_consolepanel.cpp
         Generating Code...
         Compiling...
         vgui_centerstringpanel.cpp
         vgui_bitmappanel.cpp
         vgui_bitmapimage.cpp
         vgui_bitmapbutton.cpp
         vgui_basepanel.cpp
         vgui_avatarimage.cpp
         vehicle_viewblend_shared.cpp
         util_shared.cpp
         usermessages.cpp
         usercmd.cpp
         train.cpp
         toggletextureproxy.cpp
         timematerialproxy.cpp
         texturescrollmaterialproxy.cpp
         text_message.cpp
         test_ehandle.cpp
         teamplay_gamerules.cpp
         takedamageinfo.cpp
         studio_shared.cpp
         SpriteTrail.cpp
         Generating Code...
         Compiling...
         spritemodel.cpp
     1>c:\testmod1\src\game\client\spritemodel.cpp(442): error C3861: 'IsBIK': identifier not found
         Sprite.cpp
         splinepatch.cpp
         SoundParametersInternal.cpp
         soundenvelope.cpp
         SoundEmitterSystem.cpp
         singleplay_gamerules.cpp
         simtimer.cpp
         simple_keys.cpp
         sequence_Transitioner.cpp
         ScreenSpaceEffects.cpp
         sceneentity_shared.cpp
         saverestore.cpp
         rope_helpers.cpp
         recvproxy.cpp
         ragdoll_shared.cpp
         ragdoll.cpp
         proxypupil.cpp
         proxyplayer.cpp
         ProxyHealth.cpp
         Generating Code...
         Compiling...
         proxyentity.cpp
         props_shared.cpp
         predictioncopy.cpp
         prediction.cpp
         predicted_viewmodel.cpp
         predictableid.cpp
         precache_register.cpp
         point_posecontroller.cpp
         point_bonusmaps_accessor.cpp
         playerandobjectenumerator.cpp
         physpropclientside.cpp
         physics_shared.cpp
         physics_saverestore.cpp
         physics_main_shared.cpp
         physics_main_client.cpp
         physics.cpp
         perfvisualbenchmark.cpp
         particlesystemquery.cpp
         particles_simple.cpp
         particles_new.cpp
         Generating Code...
         Compiling...
         particles_localspace.cpp
         particles_ez.cpp
         particles_attractor.cpp
         particlemgr.cpp
         particle_simple3d.cpp
         particle_proxies.cpp
         particle_property.cpp
         particle_parse.cpp
         particle_litsmokeemitter.cpp
         particle_collision.cpp
         panelmetaclassmgr.cpp
         obstacle_pushaway.cpp
         multiplay_gamerules.cpp
         mp_shareddefs.cpp
         movevars_shared.cpp
         movehelper_client.cpp
         message.cpp
         menu.cpp
         matrixproxy.cpp
         mathproxy.cpp
         Generating Code...
         Compiling...
         mapentities_shared.cpp
         lamphaloproxy.cpp
         lampbeamproxy.cpp
         IsNPCProxy.cpp
         interpolatedvar.cpp
         initializer.cpp
         in_main.cpp
         in_joystick.cpp
     1>c:\testmod1\src\game\client\in_joystick.cpp(10): warning C4627: '#include <windows.h>': skipped when looking for precompiled header use
                 Add directive to 'cbase.h' or rebuild precompiled header
         in_camera.cpp
         igamesystem.cpp
         hud_weapon.cpp
         hud_voicestatus.cpp
         hud_vehicle.cpp
         hud_redraw.cpp
         hud_pdump.cpp
         hud_numericdisplay.cpp
         hud_msg.cpp
         hud_hintdisplay.cpp
         hud_hdrdemo.cpp
         hud_filmdemo.cpp
         Generating Code...
         Compiling...
         hud_element_helper.cpp
         hud_crosshair.cpp
         hud_closecaption.cpp
         hud_bitmapnumericdisplay.cpp
         hud_basetimer.cpp
         hud_basechat.cpp
         hud_autoaim.cpp
         hud_animationinfo.cpp
         hud.cpp
         hltvcamera.cpp
         history_resource.cpp
         hintsystem.cpp
         hintmessage.cpp
         glow_overlay.cpp
         geiger.cpp
         gamevars_shared.cpp
         gametrace_client.cpp
         gamestringpool.cpp
         GameStats.cpp
         gamerules_register.cpp
         Generating Code...
         Compiling...
         gamerules.cpp
         gamemovement.cpp
         fx_water.cpp
         fx_trail.cpp
         fx_tracer.cpp
         fx_staticline.cpp
         fx_shelleject.cpp
         fx_quad.cpp
         fx_interpvalue.cpp
         fx_impact.cpp
         fx_fleck.cpp
         fx_explosion.cpp
         fx_cube.cpp
         fx_blood.cpp
         functionproxy.cpp
         func_ladder.cpp
         flashlighteffect.cpp
         eventlist.cpp
         env_wind_shared.cpp
         env_detail_controller.cpp
         Generating Code...
         Compiling...
         EntityParticleTrail_Shared.cpp
         entityoriginmaterialproxy.cpp
         entitylist_base.cpp
         ehandle.cpp
         EffectsClient.cpp
         effect_dispatch_data.cpp
         dummyproxy.cpp
         detailobjectsystem.cpp
         decals.cpp
         debugoverlay_shared.cpp
         death_pose.cpp
         commentary_modelviewer.cpp
         colorcorrectionmgr.cpp
         collisionproperty.cpp
         clientsideeffects_test.cpp
         clientsideeffects.cpp
         clientshadowmgr.cpp
         clientmode_shared.cpp
         clientleafsystem.cpp
         cliententitylist.cpp
         Generating Code...
         Compiling...
         clienteffectprecachesystem.cpp
         client_thinklist.cpp
         client_factorylist.cpp
         classmap.cpp
         cl_mat_stub.cpp
         cdll_util.cpp
         cdll_client_int.cpp
         cdll_bounded_cvars.cpp
         camomaterialproxy.cpp
         c_world.cpp
         C_WaterLODControl.cpp
         c_waterbullet.cpp
         c_vguiscreen.cpp
         c_vehicle_jeep.cpp
         c_vehicle_choreo_generic.cpp
         c_user_message_register.cpp
         c_test_proxytoggle.cpp
         c_tesla.cpp
         c_team.cpp
         c_sun.cpp
         Generating Code...
         Compiling...
         c_sprite_perfmonitor.cpp
         c_sprite.cpp
         c_spotlight_end.cpp
         c_soundscape.cpp
         c_slideshow_display.cpp
         c_shadowcontrol.cpp
         c_sceneentity.cpp
         c_rumble.cpp
         c_rope.cpp
         c_ragdoll_manager.cpp
         c_props.cpp
         c_point_commentary_node.cpp
         c_point_camera.cpp
         c_playerresource.cpp
         c_plasma.cpp
         c_pixel_visibility.cpp
         c_physmagnet.cpp
         c_physicsprop.cpp
         c_physbox.cpp
         c_particle_system.cpp
         Generating Code...
         Compiling...
         C_MaterialModifyControl.cpp
         c_lightglow.cpp
         c_info_overlay_accessor.cpp
         c_hairball.cpp
         c_gib.cpp
         c_func_tracktrain.cpp
         c_func_smokevolume.cpp
         c_func_rotating.cpp
         c_func_reflective_glass.cpp
         c_func_occluder.cpp
         C_Func_Monitor.cpp
         c_func_lod.cpp
         c_func_dust.cpp
         c_func_conveyor.cpp
         c_func_breakablesurf.cpp
         c_func_areaportalwindow.cpp
         c_fish.cpp
         c_fire_smoke.cpp
         c_env_tonemap_controller.cpp
         c_env_screenoverlay.cpp
         Generating Code...
         Compiling...
         c_env_projectedtexture.cpp
         c_env_particlescript.cpp
         c_env_fog_controller.cpp
         c_entityparticletrail.cpp
         c_entitydissolve.cpp
         c_dynamiclight.cpp
         c_colorcorrectionvolume.cpp
         c_colorcorrection.cpp
         c_breakableprop.cpp
         c_baseviewmodel.cpp
         c_baseplayer.cpp
         c_baseflex.cpp
         c_baseentity.cpp
         c_basedoor.cpp
         c_basecombatweapon.cpp
         c_basecombatcharacter.cpp
         c_baseanimatingoverlay.cpp
         c_baseanimating.cpp
         c_ai_basenpc.cpp
         c_ai_basehumanoid.cpp
         Generating Code...
         Compiling...
         bone_merge_cache.cpp
         bone_accessor.cpp
         beamdraw.cpp
         beam_shared.cpp
         baseviewmodel_shared.cpp
         basepresence.cpp
         baseplayer_shared.cpp
         baseparticleentity.cpp
         basegrenade_shared.cpp
         baseentity_shared.cpp
         basecombatweapon_shared.cpp
         basecombatcharacter_shared.cpp
         baseclientrendertargets.cpp
         baseanimatedtextureproxy.cpp
         baseachievement.cpp
         base_playeranimstate.cpp
         animation.cpp
         AnimateSpecificTextureProxy.cpp
         animatedtextureproxy.cpp
         animatedoffsettextureproxy.cpp
         Generating Code...
         Compiling...
         animatedentitytextureproxy.cpp
         ammodef.cpp
         alphamaterialproxy.cpp
         activitylist.cpp
         achievements_hlx.cpp
         achievementmgr.cpp
         achievement_saverestore.cpp
         achievement_notification_panel.cpp
         Generating Code...
     1>Done Building Project "C:\testmod1\src\game\client\client_hl2mp-2005.vcxproj" (build target(s)) -- FAILED.

Build FAILED.

Time Elapsed 00:01:00.15
