PRT1
23
43
4 0 9 (184 0 182 ) (184 0 96 ) (319 0 96 ) (319 0 182 ) 
4 0 8 (319 0 496 ) (184 0 496 ) (184 0 182 ) (319 0 182 ) 
4 0 7 (544 0 496 ) (319 0 496 ) (319 0 96 ) (544 0 96 ) 
4 0 12 (184 0 496 ) (0 0 496 ) (0 0 96 ) (184 0 96 ) 
4 0 1 (0 0 96 ) (0 0 496 ) (0 136.970993 496 ) (0 136.970993 96 ) 
4 1 14 (0 0 96 ) (0 0 496 ) (-32 0 496 ) (-32 0 96 ) 
4 2 5 (624 -704 96 ) (832 -704 96 ) (832 -704 496 ) (624 -704 496 ) 
4 2 4 (624 -288 96 ) (624 -656 96 ) (624 -656 496 ) (624 -288 496 ) 
4 2 3 (624 -18 496 ) (624 -18 96 ) (624 -240 96 ) (624 -240 496 ) 
4 3 6 (576 -18 496 ) (576 -18 96 ) (576 -240 96 ) (576 -240 496 ) 
4 4 6 (576 -288 96 ) (576 -656 96 ) (576 -656 496 ) (576 -288 496 ) 
4 5 6 (576 -910.335022 496 ) (576 -704 496 ) (576 -704 96 ) (576 -910.335022 96 ) 
4 6 7 (544 -910.335022 496 ) (544 -18 496 ) (544 -18 96 ) (544 -910.335022 96 ) 
4 7 13 (544 -1024 96 ) (544 -1024 496 ) (319 -1024 496 ) (319 -1024 96 ) 
4 7 11 (319 -910 96 ) (319 -1024 96 ) (319 -1024 182 ) (319 -910 182 ) 
4 7 9 (319 0 96 ) (319 -14 96 ) (319 -14 182 ) (319 0 182 ) 
4 7 10 (319 -32 96 ) (319 -892 96 ) (319 -892 182 ) (319 -32 182 ) 
4 7 8 (319 -1024 182 ) (319 -1024 496 ) (319 0 496 ) (319 0 182 ) 
4 8 13 (319 -1024 496 ) (184 -1024 496 ) (184 -1024 182 ) (319 -1024 182 ) 
4 8 11 (184 -1024 182 ) (184 -910 182 ) (319 -910 182 ) (319 -1024 182 ) 
4 8 9 (184 -14 182 ) (184 0 182 ) (319 0 182 ) (319 -14 182 ) 
4 8 10 (184 -892 182 ) (184 -32 182 ) (319 -32 182 ) (319 -892 182 ) 
4 8 12 (184 -1024 182 ) (184 -1024 496 ) (184 0 496 ) (184 0 182 ) 
4 9 12 (184 0 96 ) (184 -14 96 ) (184 -14 182 ) (184 0 182 ) 
4 10 12 (184 -32 96 ) (184 -892 96 ) (184 -892 182 ) (184 -32 182 ) 
4 11 13 (184 -1024 182 ) (184 -1024 96 ) (319 -1024 96 ) (319 -1024 182 ) 
4 11 12 (184 -910 96 ) (184 -1024 96 ) (184 -1024 182 ) (184 -910 182 ) 
4 12 14 (0 0 496 ) (0 0 96 ) (0 -1024 96 ) (0 -1024 496 ) 
4 12 13 (184 -1024 496 ) (0 -1024 496 ) (0 -1024 96 ) (184 -1024 96 ) 
4 13 22 (0 -1064.969971 496 ) (0 -1024 496 ) (0 -1024 96 ) (0 -1064.969971 96 ) 
4 14 22 (0 -1024 96 ) (0 -1024 496 ) (-32 -1024 496 ) (-32 -1024 96 ) 
4 14 21 (-32 -704 96 ) (-32 -910.335022 96 ) (-32 -910.335022 496 ) (-32 -704 496 ) 
4 14 18 (-32 -288 96 ) (-32 -704 96 ) (-32 -704 496 ) (-32 -288 496 ) 
4 14 16 (-32 -240 96 ) (-32 -288 96 ) (-32 -288 496 ) (-32 -240 496 ) 
4 14 15 (-32 -18 96 ) (-32 -240 96 ) (-32 -240 496 ) (-32 -18 496 ) 
4 15 16 (-64 -240 96 ) (-32 -240 96 ) (-32 -240 496 ) (-64 -240 496 ) 
4 15 17 (-322 -240 496 ) (-322 -240 96 ) (-112 -240 96 ) (-112 -240 496 ) 
4 16 18 (-64 -288 96 ) (-32 -288 96 ) (-32 -288 496 ) (-64 -288 496 ) 
4 17 20 (-322 -288 496 ) (-322 -288 96 ) (-112 -288 96 ) (-112 -288 496 ) 
4 18 21 (-64 -704 96 ) (-32 -704 96 ) (-32 -704 496 ) (-64 -704 496 ) 
4 18 19 (-64 -288 496 ) (-64 -288 96 ) (-64 -656 96 ) (-64 -656 496 ) 
4 19 20 (-112 -288 496 ) (-112 -288 96 ) (-112 -656 96 ) (-112 -656 496 ) 
4 20 21 (-322 -704 496 ) (-322 -704 96 ) (-112 -704 96 ) (-112 -704 496 ) 
