Build started 6/12/2012 3:54:58 PM.
     1>Project "C:\testmod1\src\game\server\server_hl2mp-2005.vcxproj" on node 2 (build target(s)).
     1>InitializeBuildStatus:
         Creating ".\Release_hl2mp\Server HL2MP.unsuccessfulbuild" because "AlwaysCreate" was specified.
       ClCompile:
         All outputs are up-to-date.
         All outputs are up-to-date.
         All outputs are up-to-date.
     1>C:\Program Files (x86)\MSBuild\Microsoft.Cpp\v4.0\Microsoft.CppBuild.targets(990,5): warning MSB8012: TargetPath(C:\testmod1\src\game\server\.\Release_hl2mp\Server HL2MP.dll) does not match the Linker's OutputFile property value (C:\testmod1\src\game\server\Release_hl2mp\Server.dll). This may cause your project to build incorrectly. To correct this, please make sure that $(OutDir), $(TargetName) and $(TargetExt) property values match the value specified in %(Link.OutputFile).
     1>C:\Program Files (x86)\MSBuild\Microsoft.Cpp\v4.0\Microsoft.CppBuild.targets(992,5): warning MSB8012: TargetName(Server HL2MP) does not match the Linker's OutputFile property value (Server). This may cause your project to build incorrectly. To correct this, please make sure that $(OutDir), $(TargetName) and $(TargetExt) property values match the value specified in %(Link.OutputFile).
       Link:
         All outputs are up-to-date.
         server_hl2mp-2005.vcxproj -> C:\testmod1\src\game\server\.\Release_hl2mp\Server HL2MP.dll
       CustomBuildStep:
         Description: Copying to c:\program files (x86)\steam\steamapps\SourceMods\quake-life2\bin\
         if exist "c:\program files (x86)\steam\steamapps\SourceMods\quake-life2\bin\server.dll" attrib -r "c:\program files (x86)\steam\steamapps\SourceMods\quake-life2\bin\server.dll"
         if exist "C:\testmod1\src\game\server\Release_hl2mp\"server.dll copy "C:\testmod1\src\game\server\Release_hl2mp\"server.dll "c:\program files (x86)\steam\steamapps\SourceMods\quake-life2\bin\server.dll"
         if exist "c:\program files (x86)\steam\steamapps\SourceMods\quake-life2\bin\server.pdb" attrib -r "c:\program files (x86)\steam\steamapps\SourceMods\quake-life2\bin\server.pdb"
         if exist "C:\testmod1\src\game\server\Release_hl2mp\"server.pdb copy "C:\testmod1\src\game\server\Release_hl2mp\"server.pdb "c:\program files (x86)\steam\steamapps\SourceMods\quake-life2\bin"
         
         :VCEnd
                 1 file(s) copied.
       FinalizeBuildStatus:
         Deleting file ".\Release_hl2mp\Server HL2MP.unsuccessfulbuild".
         Touching ".\Release_hl2mp\Server HL2MP.lastbuildstate".
     1>Done Building Project "C:\testmod1\src\game\server\server_hl2mp-2005.vcxproj" (build target(s)).

Build succeeded.

Time Elapsed 00:00:00.57
