Build started 6/12/2012 2:33:19 AM.
     1>Project "C:\testmod1\src\game\client\client_hl2mp-2005.vcxproj" on node 3 (build target(s)).
     1>InitializeBuildStatus:
         Touching ".\Release_hl2mp\Client HL2MP.unsuccessfulbuild".
       ClCompile:
         c:\Program Files (x86)\Microsoft Visual Studio 10.0\VC\bin\CL.exe /c /I.\ /I..\..\common /I..\..\public /I..\..\public\tier0 /I..\..\public\tier1 /I..\..\vgui2\include /I..\..\vgui2\controls /I..\..\game\shared /I.\game_controls /Ihl2mp\UI /I.\hl2mp /I..\..\game\shared\hl2mp /I.\hl2 /I.\hl2\elements /I..\..\game\shared\hl2 /I..\..\game\shared\Multiplayer /Zi /nologo /W4 /WX- /O2 /Ob2 /Oi /Ot /Oy- /D WIN32 /D _WIN32 /D NDEBUG /D _WINDOWS /D _USRDLL /D _CRT_SECURE_NO_DEPRECATE /D _CRT_NONSTDC_NO_DEPRECATE /D NO_STRING_T /D CLIENT_DLL /D VECTOR /D PROTECTED_THINGS_ENABLE /D fopen=dont_use_fopen /D strncpy=use_Q_strncpy_instead /D _snprintf=use_Q_snprintf_instead /D ENABLE_HTMLWINDOW /D HL2MP /D HL2_CLIENT_DLL /D VERSION_SAFE_STEAM_API_INTERFACES /D MP_SDK /D _WINDLL /D _MBCS /GF /Gm- /MT /GS- /Gy /fp:fast /Zc:wchar_t /Zc:forScope /GR /Yc"cbase.h" /Fp".\Release_hl2mp\client.pch" /Fo".\Release_hl2mp\\" /Fd".\Release_hl2mp\vc100.pdb" /Gd /TP /analyze- /errorReport:prompt stdafx.cpp /MP 
         stdafx.cpp
         c:\Program Files (x86)\Microsoft Visual Studio 10.0\VC\bin\CL.exe /c /I.\ /I..\..\common /I..\..\public /I..\..\public\tier0 /I..\..\public\tier1 /I..\..\vgui2\include /I..\..\vgui2\controls /I..\..\game\shared /I.\game_controls /Ihl2mp\UI /I.\hl2mp /I..\..\game\shared\hl2mp /I.\hl2 /I.\hl2\elements /I..\..\game\shared\hl2 /I..\..\game\shared\Multiplayer /Zi /nologo /W4 /WX- /O2 /Ob2 /Oi /Ot /Oy- /D WIN32 /D _WIN32 /D NDEBUG /D _WINDOWS /D _USRDLL /D _CRT_SECURE_NO_DEPRECATE /D _CRT_NONSTDC_NO_DEPRECATE /D NO_STRING_T /D CLIENT_DLL /D VECTOR /D PROTECTED_THINGS_ENABLE /D fopen=dont_use_fopen /D strncpy=use_Q_strncpy_instead /D _snprintf=use_Q_snprintf_instead /D ENABLE_HTMLWINDOW /D HL2MP /D HL2_CLIENT_DLL /D VERSION_SAFE_STEAM_API_INTERFACES /D MP_SDK /D _WINDLL /D _MBCS /GF /Gm- /MT /GS- /Gy /fp:fast /Zc:wchar_t /Zc:forScope /GR /Yu"cbase.h" /Fp".\Release_hl2mp\client.pch" /Fo".\Release_hl2mp\\" /Fd".\Release_hl2mp\vc100.pdb" /Gd /TP /analyze- /errorReport:prompt ..\..\public\SoundParametersInternal.cpp ..\..\public\bone_accessor.cpp ..\..\public\tools\bonelist.cpp ..\shared\EntityParticleTrail_Shared.cpp ..\shared\GameStats.cpp ..\shared\Multiplayer\multiplayer_animstate.cpp ..\shared\SoundEmitterSystem.cpp ..\shared\Sprite.cpp ..\shared\SpriteTrail.cpp ..\shared\achievement_saverestore.cpp ..\shared\achievementmgr.cpp ..\shared\achievements_hlx.cpp ..\shared\activitylist.cpp ..\shared\ammodef.cpp ..\shared\animation.cpp ..\shared\base_playeranimstate.cpp ..\shared\baseachievement.cpp ..\shared\basecombatcharacter_shared.cpp ..\shared\basecombatweapon_shared.cpp ..\shared\baseentity_shared.cpp ..\shared\basegrenade_shared.cpp ..\shared\baseparticleentity.cpp ..\shared\baseplayer_shared.cpp ..\shared\baseviewmodel_shared.cpp ..\shared\beam_shared.cpp ..\shared\collisionproperty.cpp ..\shared\death_pose.cpp ..\shared\debugoverlay_shared.cpp ..\shared\decals.cpp ..\shared\effect_dispatch_data.cpp ..\shared\ehandle.cpp ..\shared\entitylist_base.cpp ..\shared\env_detail_controller.cpp ..\shared\env_wind_shared.cpp ..\shared\eventlist.cpp ..\shared\func_ladder.cpp ..\shared\gamemovement.cpp ..\shared\gamerules.cpp ..\shared\gamerules_register.cpp ..\shared\gamestringpool.cpp ..\shared\gamevars_shared.cpp ..\shared\hintmessage.cpp ..\shared\hintsystem.cpp ..\shared\hl2\basehlcombatweapon_shared.cpp ..\shared\hl2\env_headcrabcanister_shared.cpp ..\shared\hl2\hl2_gamerules.cpp ..\shared\hl2\hl2_usermessages.cpp ..\shared\hl2\hl_gamemovement.cpp ..\shared\hl2mp\hl2mp_gamerules.cpp ..\shared\hl2mp\hl2mp_player_shared.cpp ..\shared\hl2mp\hl2mp_playeranimstate.cpp ..\shared\hl2mp\hl2mp_weapon_parse.cpp ..\shared\hl2mp\weapon_357.cpp ..\shared\hl2mp\weapon_ar2.cpp ..\shared\hl2mp\weapon_crossbow.cpp ..\shared\hl2mp\weapon_crowbar.cpp ..\shared\hl2mp\weapon_frag.cpp ..\shared\hl2mp\weapon_hl2mpbase.cpp ..\shared\hl2mp\weapon_hl2mpbase_machinegun.cpp ..\shared\hl2mp\weapon_hl2mpbasebasebludgeon.cpp ..\shared\hl2mp\weapon_hl2mpbasehlmpcombatweapon.cpp ..\shared\hl2mp\weapon_physcannon.cpp ..\shared\hl2mp\weapon_pistol.cpp ..\shared\hl2mp\weapon_rpg.cpp ..\shared\hl2mp\weapon_shotgun.cpp ..\shared\hl2mp\weapon_slam.cpp ..\shared\hl2mp\weapon_smg1.cpp ..\shared\hl2mp\weapon_stunstick.cpp ..\shared\igamesystem.cpp ..\shared\mapentities_shared.cpp ..\shared\movevars_shared.cpp ..\shared\mp_shareddefs.cpp ..\shared\multiplay_gamerules.cpp ..\shared\obstacle_pushaway.cpp ..\shared\particle_parse.cpp ..\shared\particle_property.cpp ..\shared\particlesystemquery.cpp ..\shared\physics_main_shared.cpp ..\shared\physics_saverestore.cpp ..\shared\physics_shared.cpp ..\shared\point_bonusmaps_accessor.cpp ..\shared\point_posecontroller.cpp ..\shared\precache_register.cpp ..\shared\predictableid.cpp ..\shared\predicted_viewmodel.cpp ..\shared\predictioncopy.cpp ..\shared\props_shared.cpp ..\shared\ragdoll_shared.cpp ..\shared\rope_helpers.cpp ..\shared\saverestore.cpp ..\shared\sceneentity_shared.cpp ..\shared\script_intro_shared.cpp ..\shared\sequence_Transitioner.cpp ..\shared\simtimer.cpp ..\shared\singleplay_gamerules.cpp ..\shared\soundenvelope.cpp ..\shared\studio_shared.cpp ..\shared\takedamageinfo.cpp ..\shared\teamplay_gamerules.cpp ..\shared\test_ehandle.cpp ..\shared\usercmd.cpp ..\shared\usermessages.cpp ..\shared\util_shared.cpp ..\shared\vehicle_viewblend_shared.cpp ..\shared\voice_banmgr.cpp ..\shared\voice_status.cpp ..\shared\weapon_parse.cpp AnimateSpecificTextureProxy.cpp C_MaterialModifyControl.cpp C_WaterLODControl.cpp EffectsClient.cpp IsNPCProxy.cpp ProxyHealth.cpp ScreenSpaceEffects.cpp ViewConeImage.cpp WaterLODMaterialProxy.cpp WorldDimsProxy.cpp achievement_notification_panel.cpp alphamaterialproxy.cpp animatedentitytextureproxy.cpp animatedoffsettextureproxy.cpp animatedtextureproxy.cpp baseanimatedtextureproxy.cpp baseclientrendertargets.cpp basepresence.cpp beamdraw.cpp bone_merge_cache.cpp c_ai_basehumanoid.cpp c_ai_basenpc.cpp c_baseanimating.cpp c_baseanimatingoverlay.cpp c_basecombatcharacter.cpp c_basecombatweapon.cpp c_basedoor.cpp c_baseentity.cpp c_baseflex.cpp c_baseplayer.cpp c_basetempentity.cpp c_baseviewmodel.cpp c_breakableprop.cpp c_colorcorrection.cpp c_colorcorrectionvolume.cpp c_dynamiclight.cpp c_effects.cpp c_entitydissolve.cpp c_entityparticletrail.cpp c_env_fog_controller.cpp c_env_particlescript.cpp c_env_projectedtexture.cpp c_env_screenoverlay.cpp c_env_tonemap_controller.cpp c_fire_smoke.cpp c_fish.cpp c_func_areaportalwindow.cpp c_func_breakablesurf.cpp c_func_conveyor.cpp c_func_dust.cpp c_func_lod.cpp c_func_occluder.cpp c_func_reflective_glass.cpp c_func_rotating.cpp c_func_smokevolume.cpp c_func_tracktrain.cpp c_gib.cpp c_hairball.cpp c_impact_effects.cpp c_info_overlay_accessor.cpp c_lightglow.cpp c_movie_explosion.cpp c_particle_fire.cpp c_particle_smokegrenade.cpp c_particle_system.cpp c_physbox.cpp c_physicsprop.cpp c_physmagnet.cpp c_pixel_visibility.cpp c_plasma.cpp c_playerresource.cpp c_point_camera.cpp c_point_commentary_node.cpp c_prop_vehicle.cpp c_props.cpp c_ragdoll_manager.cpp c_recipientfilter.cpp c_rope.cpp c_rumble.cpp c_sceneentity.cpp c_shadowcontrol.cpp c_slideshow_display.cpp c_smoke_trail.cpp c_smokestack.cpp c_soundscape.cpp c_spotlight_end.cpp c_sprite.cpp c_sprite_perfmonitor.cpp c_steamjet.cpp c_stickybolt.cpp c_sun.cpp c_te.cpp c_te_armorricochet.cpp c_te_basebeam.cpp c_te_beamentpoint.cpp c_te_beaments.cpp c_te_beamfollow.cpp c_te_beamlaser.cpp c_te_beampoints.cpp c_te_beamring.cpp c_te_beamringpoint.cpp c_te_beamspline.cpp c_te_bloodsprite.cpp c_te_bloodstream.cpp c_te_breakmodel.cpp c_te_bspdecal.cpp c_te_bubbles.cpp c_te_bubbletrail.cpp c_te_clientprojectile.cpp c_te_decal.cpp c_te_dynamiclight.cpp c_te_effect_dispatch.cpp c_te_energysplash.cpp c_te_explosion.cpp c_te_fizz.cpp c_te_footprint.cpp c_te_glassshatter.cpp c_te_glowsprite.cpp c_te_impact.cpp c_te_killplayerattachments.cpp c_te_largefunnel.cpp c_te_legacytempents.cpp c_te_muzzleflash.cpp c_te_particlesystem.cpp c_te_physicsprop.cpp c_te_playerdecal.cpp c_te_projecteddecal.cpp c_te_showline.cpp c_te_smoke.cpp c_te_sparks.cpp c_te_sprite.cpp c_te_spritespray.cpp c_te_worlddecal.cpp c_team.cpp c_tesla.cpp c_test_proxytoggle.cpp c_testtraceline.cpp c_tracer.cpp c_user_message_register.cpp c_vehicle_choreo_generic.cpp c_vehicle_jeep.cpp c_vguiscreen.cpp c_world.cpp camomaterialproxy.cpp cdll_bounded_cvars.cpp cdll_client_int.cpp cdll_util.cpp cl_mat_stub.cpp classmap.cpp client_factorylist.cpp client_thinklist.cpp clienteffectprecachesystem.cpp cliententitylist.cpp clientleafsystem.cpp clientmode_shared.cpp clientshadowmgr.cpp clientsideeffects.cpp clientsideeffects_test.cpp colorcorrectionmgr.cpp commentary_modelviewer.cpp detailobjectsystem.cpp dummyproxy.cpp entity_client_tools.cpp entityoriginmaterialproxy.cpp episodic\c_vort_charge_token.cpp flashlighteffect.cpp functionproxy.cpp fx.cpp fx_blood.cpp fx_cube.cpp fx_discreetline.cpp fx_envelope.cpp fx_explosion.cpp fx_fleck.cpp fx_impact.cpp fx_interpvalue.cpp fx_line.cpp fx_quad.cpp fx_shelleject.cpp fx_sparks.cpp fx_staticline.cpp fx_tracer.cpp fx_trail.cpp fx_water.cpp game_controls\ClientScoreBoardDialog.cpp game_controls\IconPanel.cpp game_controls\MapOverview.cpp game_controls\NavProgress.cpp game_controls\SpectatorGUI.cpp game_controls\basemodel_panel.cpp game_controls\basemodelpanel.cpp game_controls\baseviewport.cpp game_controls\classmenu.cpp game_controls\commandmenu.cpp game_controls\intromenu.cpp game_controls\teammenu.cpp game_controls\vguitextwindow.cpp gametrace_client.cpp geiger.cpp glow_overlay.cpp history_resource.cpp hl2\C_Func_Monitor.cpp hl2\c_antlion_dust.cpp hl2\c_ar2_explosion.cpp hl2\c_barnacle.cpp hl2\c_barney.cpp hl2\c_basehelicopter.cpp hl2\c_basehlcombatweapon.cpp hl2\c_basehlplayer.cpp hl2\c_citadel_effects.cpp hl2\c_corpse.cpp hl2\c_env_alyxtemp.cpp hl2\c_env_headcrabcanister.cpp hl2\c_env_starfield.cpp hl2\c_func_tankmortar.cpp hl2\c_hl2_playerlocaldata.cpp hl2\c_info_teleporter_countdown.cpp hl2\c_npc_antlionguard.cpp hl2\c_npc_combinegunship.cpp hl2\c_npc_manhack.cpp hl2\c_npc_rollermine.cpp hl2\c_plasma_beam_node.cpp hl2\c_prop_combine_ball.cpp hl2\c_rotorwash.cpp hl2\c_script_intro.cpp hl2\c_strider.cpp hl2\c_te_concussiveexplosion.cpp hl2\c_te_flare.cpp hl2\c_thumper_dust.cpp hl2\c_vehicle_airboat.cpp hl2\c_vehicle_cannon.cpp hl2\c_vehicle_crane.cpp hl2\c_vehicle_prisoner_pod.cpp hl2\c_waterbullet.cpp hl2\c_weapon__stubs_hl2.cpp hl2\c_weapon_crossbow.cpp hl2\fx_antlion.cpp hl2\fx_bugbait.cpp hl2\fx_hl2_impacts.cpp hl2\fx_hl2_tracers.cpp hl2\hl2_clientmode.cpp hl2\hl_in_main.cpp hl2\hl_prediction.cpp hl2\hud_ammo.cpp hl2\hud_autoaim.cpp hl2\hud_battery.cpp hl2\hud_blood.cpp hl2\hud_credits.cpp hl2\hud_damageindicator.cpp hl2\hud_filmdemo.cpp hl2\hud_flashlight.cpp hl2\hud_hdrdemo.cpp hl2\hud_health.cpp hl2\hud_poisondamageindicator.cpp hl2\hud_quickinfo.cpp hl2\hud_suitpower.cpp hl2\hud_weaponselection.cpp hl2\hud_zoom.cpp hl2\shieldproxy.cpp hl2\vgui_rootpanel_hl2.cpp hl2mp\c_hl2mp_player.cpp hl2mp\c_te_hl2mp_shotgun_shot.cpp hl2mp\clientmode_hl2mpnormal.cpp hl2mp\hl2mp_hud_chat.cpp hl2mp\hl2mp_hud_target_id.cpp hl2mp\hl2mp_hud_team.cpp hl2mp\hud_deathnotice.cpp hl2mp\ui\backgroundpanel.cpp hl2mp\ui\hl2mpclientscoreboard.cpp hl2mp\ui\hl2mptextwindow.cpp hltvcamera.cpp hud.cpp hud_animationinfo.cpp hud_basechat.cpp hud_basetimer.cpp hud_bitmapnumericdisplay.cpp hud_closecaption.cpp hud_crosshair.cpp hud_element_helper.cpp hud_hintdisplay.cpp hud_msg.cpp hud_numericdisplay.cpp hud_pdump.cpp hud_redraw.cpp hud_squadstatus.cpp hud_vehicle.cpp hud_voicestatus.cpp hud_weapon.cpp in_camera.cpp in_joystick.cpp in_main.cpp initializer.cpp interpolatedvar.cpp lampbeamproxy.cpp lamphaloproxy.cpp mathproxy.cpp matrixproxy.cpp menu.cpp message.cpp movehelper_client.cpp mp3player.cpp panelmetaclassmgr.cpp particle_collision.cpp particle_litsmokeemitter.cpp particle_proxies.cpp particle_simple3d.cpp particlemgr.cpp particles_attractor.cpp particles_ez.cpp particles_localspace.cpp particles_new.cpp particles_simple.cpp particlesphererenderer.cpp perfvisualbenchmark.cpp physics.cpp physics_main_client.cpp physpropclientside.cpp playerandobjectenumerator.cpp prediction.cpp proxyentity.cpp proxyplayer.cpp proxypupil.cpp ragdoll.cpp recvproxy.cpp simple_keys.cpp smoke_fog_overlay.cpp splinepatch.cpp spritemodel.cpp text_message.cpp texturescrollmaterialproxy.cpp timematerialproxy.cpp toggletextureproxy.cpp toolframework_client.cpp train.cpp vgui_avatarimage.cpp vgui_basepanel.cpp vgui_bitmapbutton.cpp vgui_bitmapimage.cpp vgui_bitmappanel.cpp vgui_centerstringpanel.cpp vgui_consolepanel.cpp vgui_debugoverlaypanel.cpp vgui_fpspanel.cpp vgui_game_viewport.cpp vgui_grid.cpp vgui_int.cpp vgui_loadingdiscpanel.cpp vgui_messagechars.cpp vgui_netgraphpanel.cpp vgui_slideshow_display_screen.cpp view.cpp view_beams.cpp view_effects.cpp view_scene.cpp viewangleanim.cpp viewdebug.cpp viewpostprocess.cpp viewrender.cpp warp_overlay.cpp weapon_selection.cpp weapons_resource.cpp /MP 
         SoundParametersInternal.cpp
         bone_accessor.cpp
         bonelist.cpp
         EntityParticleTrail_Shared.cpp
         GameStats.cpp
         multiplayer_animstate.cpp
         SoundEmitterSystem.cpp
         Sprite.cpp
         SpriteTrail.cpp
         achievement_saverestore.cpp
         achievementmgr.cpp
         achievements_hlx.cpp
         activitylist.cpp
         ammodef.cpp
         animation.cpp
         base_playeranimstate.cpp
         baseachievement.cpp
         basecombatcharacter_shared.cpp
         basecombatweapon_shared.cpp
         baseentity_shared.cpp
         basegrenade_shared.cpp
         baseparticleentity.cpp
         baseplayer_shared.cpp
         baseviewmodel_shared.cpp
         beam_shared.cpp
         collisionproperty.cpp
         death_pose.cpp
         debugoverlay_shared.cpp
         decals.cpp
         effect_dispatch_data.cpp
         ehandle.cpp
         entitylist_base.cpp
         env_detail_controller.cpp
         env_wind_shared.cpp
         eventlist.cpp
         func_ladder.cpp
         gamemovement.cpp
         gamerules.cpp
         gamerules_register.cpp
     1>..\shared\gamemovement.cpp(2525): warning C4189: 'pMoveData' : local variable is initialized but not referenced
         gamestringpool.cpp
         gamevars_shared.cpp
         hintmessage.cpp
         hintsystem.cpp
         basehlcombatweapon_shared.cpp
         env_headcrabcanister_shared.cpp
         hl2_gamerules.cpp
         hl2_usermessages.cpp
         hl_gamemovement.cpp
         hl2mp_gamerules.cpp
         hl2mp_player_shared.cpp
         hl2mp_playeranimstate.cpp
         hl2mp_weapon_parse.cpp
         weapon_357.cpp
         weapon_ar2.cpp
         weapon_crossbow.cpp
         weapon_crowbar.cpp
         weapon_frag.cpp
         weapon_hl2mpbase.cpp
         weapon_hl2mpbase_machinegun.cpp
         weapon_hl2mpbasebasebludgeon.cpp
         weapon_hl2mpbasehlmpcombatweapon.cpp
         weapon_physcannon.cpp
         weapon_pistol.cpp
         weapon_rpg.cpp
         weapon_shotgun.cpp
         weapon_slam.cpp
         weapon_smg1.cpp
         weapon_stunstick.cpp
         igamesystem.cpp
         mapentities_shared.cpp
         movevars_shared.cpp
         mp_shareddefs.cpp
         multiplay_gamerules.cpp
         obstacle_pushaway.cpp
         particle_parse.cpp
         particle_property.cpp
         particlesystemquery.cpp
         physics_main_shared.cpp
         physics_saverestore.cpp
         physics_shared.cpp
         point_bonusmaps_accessor.cpp
         point_posecontroller.cpp
         precache_register.cpp
         predictableid.cpp
         predicted_viewmodel.cpp
         predictioncopy.cpp
         props_shared.cpp
         ragdoll_shared.cpp
         rope_helpers.cpp
         saverestore.cpp
         sceneentity_shared.cpp
         script_intro_shared.cpp
         sequence_Transitioner.cpp
         simtimer.cpp
         singleplay_gamerules.cpp
         soundenvelope.cpp
         studio_shared.cpp
         takedamageinfo.cpp
         teamplay_gamerules.cpp
         test_ehandle.cpp
         usercmd.cpp
         usermessages.cpp
         util_shared.cpp
         vehicle_viewblend_shared.cpp
         voice_banmgr.cpp
         voice_status.cpp
         weapon_parse.cpp
         AnimateSpecificTextureProxy.cpp
         C_MaterialModifyControl.cpp
         C_WaterLODControl.cpp
         EffectsClient.cpp
         IsNPCProxy.cpp
         ProxyHealth.cpp
         ScreenSpaceEffects.cpp
         ViewConeImage.cpp
         WaterLODMaterialProxy.cpp
         WorldDimsProxy.cpp
         achievement_notification_panel.cpp
         alphamaterialproxy.cpp
         animatedentitytextureproxy.cpp
         animatedoffsettextureproxy.cpp
         animatedtextureproxy.cpp
         baseanimatedtextureproxy.cpp
         baseclientrendertargets.cpp
         basepresence.cpp
         beamdraw.cpp
         bone_merge_cache.cpp
         c_ai_basehumanoid.cpp
         c_ai_basenpc.cpp
         c_baseanimating.cpp
         c_baseanimatingoverlay.cpp
         c_basecombatcharacter.cpp
         c_basecombatweapon.cpp
         c_basedoor.cpp
         c_baseentity.cpp
         c_baseflex.cpp
         c_baseplayer.cpp
         c_basetempentity.cpp
         c_baseviewmodel.cpp
         c_breakableprop.cpp
         c_colorcorrection.cpp
         c_colorcorrectionvolume.cpp
         c_dynamiclight.cpp
         c_effects.cpp
         c_entitydissolve.cpp
         c_entityparticletrail.cpp
         c_env_fog_controller.cpp
         c_env_particlescript.cpp
         c_env_projectedtexture.cpp
         c_env_screenoverlay.cpp
         c_env_tonemap_controller.cpp
         c_fire_smoke.cpp
         c_fish.cpp
         c_func_areaportalwindow.cpp
         c_func_breakablesurf.cpp
         c_func_conveyor.cpp
         c_func_dust.cpp
         c_func_lod.cpp
         c_func_occluder.cpp
         c_func_reflective_glass.cpp
         c_func_rotating.cpp
         c_func_smokevolume.cpp
         c_func_tracktrain.cpp
         c_gib.cpp
         c_hairball.cpp
         c_impact_effects.cpp
         c_info_overlay_accessor.cpp
         c_lightglow.cpp
         c_movie_explosion.cpp
         c_particle_fire.cpp
         c_particle_smokegrenade.cpp
         c_particle_system.cpp
         c_physbox.cpp
         c_physicsprop.cpp
         c_physmagnet.cpp
         c_pixel_visibility.cpp
         c_plasma.cpp
         c_playerresource.cpp
         c_point_camera.cpp
         c_point_commentary_node.cpp
         c_prop_vehicle.cpp
         c_props.cpp
         c_ragdoll_manager.cpp
         c_recipientfilter.cpp
         c_rope.cpp
         c_rumble.cpp
         c_sceneentity.cpp
         c_shadowcontrol.cpp
         c_slideshow_display.cpp
         c_smoke_trail.cpp
         c_smokestack.cpp
         c_soundscape.cpp
         c_spotlight_end.cpp
         c_sprite.cpp
         c_sprite_perfmonitor.cpp
         c_steamjet.cpp
         c_stickybolt.cpp
         c_sun.cpp
         c_te.cpp
         c_te_armorricochet.cpp
         c_te_basebeam.cpp
         c_te_beamentpoint.cpp
         c_te_beaments.cpp
         c_te_beamfollow.cpp
         c_te_beamlaser.cpp
         c_te_beampoints.cpp
         c_te_beamring.cpp
         c_te_beamringpoint.cpp
         c_te_beamspline.cpp
         c_te_bloodsprite.cpp
         c_te_bloodstream.cpp
         c_te_breakmodel.cpp
         c_te_bspdecal.cpp
         c_te_bubbles.cpp
         c_te_bubbletrail.cpp
         c_te_clientprojectile.cpp
         c_te_decal.cpp
         c_te_dynamiclight.cpp
         c_te_effect_dispatch.cpp
         c_te_energysplash.cpp
         c_te_explosion.cpp
         c_te_fizz.cpp
         c_te_footprint.cpp
         c_te_glassshatter.cpp
         c_te_glowsprite.cpp
         c_te_impact.cpp
         c_te_killplayerattachments.cpp
         c_te_largefunnel.cpp
         c_te_legacytempents.cpp
         c_te_muzzleflash.cpp
         c_te_particlesystem.cpp
         c_te_physicsprop.cpp
         c_te_playerdecal.cpp
         c_te_projecteddecal.cpp
         c_te_showline.cpp
         c_te_smoke.cpp
         c_te_sparks.cpp
         c_te_sprite.cpp
         c_te_spritespray.cpp
         c_te_worlddecal.cpp
         c_team.cpp
         c_tesla.cpp
         c_test_proxytoggle.cpp
         c_testtraceline.cpp
         c_tracer.cpp
         c_user_message_register.cpp
         c_vehicle_choreo_generic.cpp
         c_vehicle_jeep.cpp
         c_vguiscreen.cpp
         c_world.cpp
         camomaterialproxy.cpp
         cdll_bounded_cvars.cpp
         cdll_client_int.cpp
         cdll_util.cpp
         cl_mat_stub.cpp
         classmap.cpp
         client_factorylist.cpp
         client_thinklist.cpp
         clienteffectprecachesystem.cpp
         cliententitylist.cpp
         clientleafsystem.cpp
         clientmode_shared.cpp
         clientshadowmgr.cpp
         clientsideeffects.cpp
         clientsideeffects_test.cpp
         colorcorrectionmgr.cpp
         commentary_modelviewer.cpp
         detailobjectsystem.cpp
         dummyproxy.cpp
         entity_client_tools.cpp
         entityoriginmaterialproxy.cpp
         c_vort_charge_token.cpp
         flashlighteffect.cpp
         functionproxy.cpp
         fx.cpp
         fx_blood.cpp
         fx_cube.cpp
         fx_discreetline.cpp
         fx_envelope.cpp
         fx_explosion.cpp
         fx_fleck.cpp
         fx_impact.cpp
         fx_interpvalue.cpp
         fx_line.cpp
         fx_quad.cpp
         fx_shelleject.cpp
         fx_sparks.cpp
         fx_staticline.cpp
         fx_tracer.cpp
         fx_trail.cpp
         fx_water.cpp
         ClientScoreBoardDialog.cpp
         IconPanel.cpp
         MapOverview.cpp
         NavProgress.cpp
         SpectatorGUI.cpp
         basemodel_panel.cpp
         basemodelpanel.cpp
         baseviewport.cpp
         classmenu.cpp
         commandmenu.cpp
         intromenu.cpp
         teammenu.cpp
         vguitextwindow.cpp
         gametrace_client.cpp
         geiger.cpp
         glow_overlay.cpp
         history_resource.cpp
         C_Func_Monitor.cpp
         c_antlion_dust.cpp
         c_ar2_explosion.cpp
         c_barnacle.cpp
         c_barney.cpp
         c_basehelicopter.cpp
         c_basehlcombatweapon.cpp
         c_basehlplayer.cpp
         c_citadel_effects.cpp
         c_corpse.cpp
         c_env_alyxtemp.cpp
         c_env_headcrabcanister.cpp
         c_env_starfield.cpp
         c_func_tankmortar.cpp
         c_hl2_playerlocaldata.cpp
         c_info_teleporter_countdown.cpp
         c_npc_antlionguard.cpp
         c_npc_combinegunship.cpp
         c_npc_manhack.cpp
         c_npc_rollermine.cpp
         c_plasma_beam_node.cpp
         c_prop_combine_ball.cpp
         c_rotorwash.cpp
         c_script_intro.cpp
         c_strider.cpp
         c_te_concussiveexplosion.cpp
         c_te_flare.cpp
         c_thumper_dust.cpp
         c_vehicle_airboat.cpp
         c_vehicle_cannon.cpp
         c_vehicle_crane.cpp
         c_vehicle_prisoner_pod.cpp
         c_waterbullet.cpp
         c_weapon__stubs_hl2.cpp
         c_weapon_crossbow.cpp
         fx_antlion.cpp
         fx_bugbait.cpp
         fx_hl2_impacts.cpp
         fx_hl2_tracers.cpp
         hl2_clientmode.cpp
         hl_in_main.cpp
         hl_prediction.cpp
         hud_ammo.cpp
         hud_autoaim.cpp
         hud_battery.cpp
         hud_blood.cpp
         hud_credits.cpp
     1>hl2\hud_credits.cpp(7): warning C4627: '#include "hudelement.h"': skipped when looking for precompiled header use
                 Add directive to 'cbase.h' or rebuild precompiled header
     1>hl2\hud_credits.cpp(8): warning C4627: '#include "hud_numericdisplay.h"': skipped when looking for precompiled header use
                 Add directive to 'cbase.h' or rebuild precompiled header
     1>hl2\hud_credits.cpp(9): warning C4627: '#include <vgui_controls/Panel.h>': skipped when looking for precompiled header use
                 Add directive to 'cbase.h' or rebuild precompiled header
         hud_damageindicator.cpp
         hud_filmdemo.cpp
         hud_flashlight.cpp
     1>hl2\hud_flashlight.cpp(7): warning C4627: '#include "hudelement.h"': skipped when looking for precompiled header use
                 Add directive to 'cbase.h' or rebuild precompiled header
     1>hl2\hud_flashlight.cpp(8): warning C4627: '#include "hud_numericdisplay.h"': skipped when looking for precompiled header use
                 Add directive to 'cbase.h' or rebuild precompiled header
     1>hl2\hud_flashlight.cpp(9): warning C4627: '#include <vgui_controls/Panel.h>': skipped when looking for precompiled header use
                 Add directive to 'cbase.h' or rebuild precompiled header
         hud_hdrdemo.cpp
         hud_health.cpp
         hud_poisondamageindicator.cpp
         hud_quickinfo.cpp
         hud_suitpower.cpp
         hud_weaponselection.cpp
         hud_zoom.cpp
         shieldproxy.cpp
         vgui_rootpanel_hl2.cpp
         c_hl2mp_player.cpp
         c_te_hl2mp_shotgun_shot.cpp
         clientmode_hl2mpnormal.cpp
         hl2mp_hud_chat.cpp
         hl2mp_hud_target_id.cpp
         hl2mp_hud_team.cpp
         hud_deathnotice.cpp
         backgroundpanel.cpp
         hl2mpclientscoreboard.cpp
         hl2mptextwindow.cpp
         hltvcamera.cpp
         hud.cpp
         hud_animationinfo.cpp
         hud_basechat.cpp
         hud_basetimer.cpp
         hud_bitmapnumericdisplay.cpp
         hud_closecaption.cpp
         hud_crosshair.cpp
         hud_element_helper.cpp
         hud_hintdisplay.cpp
         hud_msg.cpp
         hud_numericdisplay.cpp
         hud_pdump.cpp
         hud_redraw.cpp
         hud_squadstatus.cpp
         hud_vehicle.cpp
         hud_voicestatus.cpp
         hud_weapon.cpp
         in_camera.cpp
         in_joystick.cpp
     1>in_joystick.cpp(10): warning C4627: '#include <windows.h>': skipped when looking for precompiled header use
                 Add directive to 'cbase.h' or rebuild precompiled header
         in_main.cpp
         initializer.cpp
         interpolatedvar.cpp
         lampbeamproxy.cpp
         lamphaloproxy.cpp
         mathproxy.cpp
         matrixproxy.cpp
         menu.cpp
         message.cpp
         movehelper_client.cpp
         mp3player.cpp
         panelmetaclassmgr.cpp
         particle_collision.cpp
         particle_litsmokeemitter.cpp
         particle_proxies.cpp
         particle_simple3d.cpp
         particlemgr.cpp
         particles_attractor.cpp
         particles_ez.cpp
         particles_localspace.cpp
         particles_new.cpp
         particles_simple.cpp
         particlesphererenderer.cpp
         perfvisualbenchmark.cpp
         physics.cpp
         physics_main_client.cpp
         physpropclientside.cpp
         playerandobjectenumerator.cpp
         prediction.cpp
         proxyentity.cpp
         proxyplayer.cpp
         proxypupil.cpp
         ragdoll.cpp
         recvproxy.cpp
         simple_keys.cpp
         smoke_fog_overlay.cpp
         splinepatch.cpp
         spritemodel.cpp
         text_message.cpp
         texturescrollmaterialproxy.cpp
         timematerialproxy.cpp
         toggletextureproxy.cpp
         toolframework_client.cpp
         train.cpp
         vgui_avatarimage.cpp
         vgui_basepanel.cpp
         vgui_bitmapbutton.cpp
         vgui_bitmapimage.cpp
         vgui_bitmappanel.cpp
         vgui_centerstringpanel.cpp
         vgui_consolepanel.cpp
         vgui_debugoverlaypanel.cpp
         vgui_fpspanel.cpp
         vgui_game_viewport.cpp
         vgui_grid.cpp
         vgui_int.cpp
         vgui_loadingdiscpanel.cpp
         vgui_messagechars.cpp
         vgui_netgraphpanel.cpp
         vgui_slideshow_display_screen.cpp
         view.cpp
         view_beams.cpp
         view_effects.cpp
         view_scene.cpp
         viewangleanim.cpp
         viewdebug.cpp
         viewpostprocess.cpp
         viewrender.cpp
         warp_overlay.cpp
         weapon_selection.cpp
         weapons_resource.cpp
         c:\Program Files (x86)\Microsoft Visual Studio 10.0\VC\bin\CL.exe /c /I.\ /I..\..\common /I..\..\public /I..\..\public\tier0 /I..\..\public\tier1 /I..\..\vgui2\include /I..\..\vgui2\controls /I..\..\game\shared /I.\game_controls /Ihl2mp\UI /I.\hl2mp /I..\..\game\shared\hl2mp /I.\hl2 /I.\hl2\elements /I..\..\game\shared\hl2 /I..\..\game\shared\Multiplayer /Zi /nologo /W4 /WX- /O2 /Ob2 /Oi /Ot /Oy- /D WIN32 /D _WIN32 /D NDEBUG /D _WINDOWS /D _USRDLL /D _CRT_SECURE_NO_DEPRECATE /D _CRT_NONSTDC_NO_DEPRECATE /D NO_STRING_T /D CLIENT_DLL /D VECTOR /D PROTECTED_THINGS_ENABLE /D fopen=dont_use_fopen /D strncpy=use_Q_strncpy_instead /D _snprintf=use_Q_snprintf_instead /D ENABLE_HTMLWINDOW /D HL2MP /D HL2_CLIENT_DLL /D VERSION_SAFE_STEAM_API_INTERFACES /D MP_SDK /D _WINDLL /D _MBCS /GF /Gm- /MT /GS- /Gy /fp:fast /Zc:wchar_t /Zc:forScope /GR /Fo".\Release_hl2mp\\" /Fd".\Release_hl2mp\vc100.pdb" /Gd /TP /analyze- /errorReport:prompt hud_lcd.cpp /MP 
         hud_lcd.cpp
     1>C:\Program Files (x86)\MSBuild\Microsoft.Cpp\v4.0\Microsoft.CppBuild.targets(990,5): warning MSB8012: TargetPath(C:\testmod1\src\game\client\.\Release_hl2mp\Client HL2MP.dll) does not match the Linker's OutputFile property value (C:\testmod1\src\game\client\Release_hl2mp\Client.dll). This may cause your project to build incorrectly. To correct this, please make sure that $(OutDir), $(TargetName) and $(TargetExt) property values match the value specified in %(Link.OutputFile).
     1>C:\Program Files (x86)\MSBuild\Microsoft.Cpp\v4.0\Microsoft.CppBuild.targets(992,5): warning MSB8012: TargetName(Client HL2MP) does not match the Linker's OutputFile property value (Client). This may cause your project to build incorrectly. To correct this, please make sure that $(OutDir), $(TargetName) and $(TargetExt) property values match the value specified in %(Link.OutputFile).
       Link:
         c:\Program Files (x86)\Microsoft Visual Studio 10.0\VC\bin\link.exe /ERRORREPORT:PROMPT /OUT:".\Release_hl2mp\Client.dll" /INCREMENTAL:NO /NOLOGO /LIBPATH:..\..\lib\common /LIBPATH:..\..\lib\public winmm.lib kernel32.lib user32.lib gdi32.lib winspool.lib comdlg32.lib advapi32.lib shell32.lib ole32.lib oleaut32.lib uuid.lib odbc32.lib odbccp32.lib /NODEFAULTLIB:libc /NODEFAULTLIB:libcd /NODEFAULTLIB:libcmtd /MANIFEST:NO /DEBUG /PDB:".\Release_hl2mp\Client HL2MP.pdb" /MAP:".\Release_hl2mp\Client HL2MP.map" /SUBSYSTEM:WINDOWS /OPT:REF /OPT:ICF /TLBID:1 /DYNAMICBASE /NXCOMPAT /MACHINE:X86 /DLL .\Release_hl2mp\achievement_notification_panel.obj
         .\Release_hl2mp\achievement_saverestore.obj
         .\Release_hl2mp\achievementmgr.obj
         .\Release_hl2mp\achievements_hlx.obj
         .\Release_hl2mp\activitylist.obj
         .\Release_hl2mp\alphamaterialproxy.obj
         .\Release_hl2mp\ammodef.obj
         .\Release_hl2mp\animatedentitytextureproxy.obj
         .\Release_hl2mp\animatedoffsettextureproxy.obj
         .\Release_hl2mp\animatedtextureproxy.obj
         .\Release_hl2mp\AnimateSpecificTextureProxy.obj
         .\Release_hl2mp\animation.obj
         .\Release_hl2mp\base_playeranimstate.obj
         .\Release_hl2mp\baseachievement.obj
         .\Release_hl2mp\baseanimatedtextureproxy.obj
         .\Release_hl2mp\baseclientrendertargets.obj
         .\Release_hl2mp\basecombatcharacter_shared.obj
         .\Release_hl2mp\basecombatweapon_shared.obj
         .\Release_hl2mp\baseentity_shared.obj
         .\Release_hl2mp\basegrenade_shared.obj
         .\Release_hl2mp\baseparticleentity.obj
         .\Release_hl2mp\baseplayer_shared.obj
         .\Release_hl2mp\basepresence.obj
         .\Release_hl2mp\baseviewmodel_shared.obj
         .\Release_hl2mp\beam_shared.obj
         .\Release_hl2mp\beamdraw.obj
         .\Release_hl2mp\bone_accessor.obj
         .\Release_hl2mp\bone_merge_cache.obj
         .\Release_hl2mp\bone_setup.obj
         .\Release_hl2mp\c_ai_basehumanoid.obj
         .\Release_hl2mp\c_ai_basenpc.obj
         .\Release_hl2mp\c_baseanimating.obj
         .\Release_hl2mp\c_baseanimatingoverlay.obj
         .\Release_hl2mp\c_basecombatcharacter.obj
         .\Release_hl2mp\c_basecombatweapon.obj
         .\Release_hl2mp\c_basedoor.obj
         .\Release_hl2mp\c_baseentity.obj
         .\Release_hl2mp\c_baseflex.obj
         .\Release_hl2mp\c_baseplayer.obj
         .\Release_hl2mp\c_baseviewmodel.obj
         .\Release_hl2mp\c_breakableprop.obj
         .\Release_hl2mp\c_colorcorrection.obj
         .\Release_hl2mp\c_colorcorrectionvolume.obj
         .\Release_hl2mp\c_dynamiclight.obj
         .\Release_hl2mp\c_entitydissolve.obj
         .\Release_hl2mp\c_entityparticletrail.obj
         .\Release_hl2mp\c_env_fog_controller.obj
         .\Release_hl2mp\c_env_particlescript.obj
         .\Release_hl2mp\c_env_projectedtexture.obj
         .\Release_hl2mp\c_env_screenoverlay.obj
         .\Release_hl2mp\c_env_tonemap_controller.obj
         .\Release_hl2mp\c_fire_smoke.obj
         .\Release_hl2mp\c_fish.obj
         .\Release_hl2mp\c_func_areaportalwindow.obj
         .\Release_hl2mp\c_func_breakablesurf.obj
         .\Release_hl2mp\c_func_conveyor.obj
         .\Release_hl2mp\c_func_dust.obj
         .\Release_hl2mp\c_func_lod.obj
         .\Release_hl2mp\C_Func_Monitor.obj
         .\Release_hl2mp\c_func_occluder.obj
         .\Release_hl2mp\c_func_reflective_glass.obj
         .\Release_hl2mp\c_func_rotating.obj
         .\Release_hl2mp\c_func_smokevolume.obj
         .\Release_hl2mp\c_func_tracktrain.obj
         .\Release_hl2mp\c_gib.obj
         .\Release_hl2mp\c_hairball.obj
         .\Release_hl2mp\c_info_overlay_accessor.obj
         .\Release_hl2mp\c_lightglow.obj
         .\Release_hl2mp\C_MaterialModifyControl.obj
         .\Release_hl2mp\c_particle_system.obj
         .\Release_hl2mp\c_physbox.obj
         .\Release_hl2mp\c_physicsprop.obj
         .\Release_hl2mp\c_physmagnet.obj
         .\Release_hl2mp\c_pixel_visibility.obj
         .\Release_hl2mp\c_plasma.obj
         .\Release_hl2mp\c_playerresource.obj
         .\Release_hl2mp\c_point_camera.obj
         .\Release_hl2mp\c_point_commentary_node.obj
         .\Release_hl2mp\c_props.obj
         .\Release_hl2mp\c_ragdoll_manager.obj
         .\Release_hl2mp\c_rope.obj
         .\Release_hl2mp\c_rumble.obj
         .\Release_hl2mp\c_sceneentity.obj
         .\Release_hl2mp\c_shadowcontrol.obj
         .\Release_hl2mp\c_slideshow_display.obj
         .\Release_hl2mp\c_soundscape.obj
         .\Release_hl2mp\c_spotlight_end.obj
         .\Release_hl2mp\c_sprite.obj
         .\Release_hl2mp\c_sprite_perfmonitor.obj
         .\Release_hl2mp\c_sun.obj
         .\Release_hl2mp\c_team.obj
         .\Release_hl2mp\c_tesla.obj
         .\Release_hl2mp\c_test_proxytoggle.obj
         .\Release_hl2mp\c_user_message_register.obj
         .\Release_hl2mp\c_vehicle_choreo_generic.obj
         .\Release_hl2mp\c_vehicle_jeep.obj
         .\Release_hl2mp\c_vguiscreen.obj
         .\Release_hl2mp\c_waterbullet.obj
         .\Release_hl2mp\C_WaterLODControl.obj
         .\Release_hl2mp\c_world.obj
         .\Release_hl2mp\camomaterialproxy.obj
         .\Release_hl2mp\cdll_bounded_cvars.obj
         .\Release_hl2mp\cdll_client_int.obj
         .\Release_hl2mp\cdll_util.obj
         .\Release_hl2mp\cl_mat_stub.obj
         .\Release_hl2mp\classmap.obj
         .\Release_hl2mp\client_class.obj
         .\Release_hl2mp\client_factorylist.obj
         .\Release_hl2mp\client_thinklist.obj
         .\Release_hl2mp\clienteffectprecachesystem.obj
         .\Release_hl2mp\cliententitylist.obj
         .\Release_hl2mp\clientleafsystem.obj
         .\Release_hl2mp\clientmode_shared.obj
         .\Release_hl2mp\clientshadowmgr.obj
         .\Release_hl2mp\clientsideeffects.obj
         .\Release_hl2mp\clientsideeffects_test.obj
         .\Release_hl2mp\collisionproperty.obj
         .\Release_hl2mp\collisionutils.obj
         .\Release_hl2mp\colorcorrectionmgr.obj
         .\Release_hl2mp\commentary_modelviewer.obj
         .\Release_hl2mp\compiledcaptionswap.obj
         .\Release_hl2mp\crtmemdebug.obj
         .\Release_hl2mp\death_pose.obj
         .\Release_hl2mp\debugoverlay_shared.obj
         .\Release_hl2mp\decals.obj
         .\Release_hl2mp\detailobjectsystem.obj
         .\Release_hl2mp\dt_recv.obj
         .\Release_hl2mp\dt_utlvector_common.obj
         .\Release_hl2mp\dt_utlvector_recv.obj
         .\Release_hl2mp\dummyproxy.obj
         .\Release_hl2mp\effect_dispatch_data.obj
         .\Release_hl2mp\EffectsClient.obj
         .\Release_hl2mp\ehandle.obj
         .\Release_hl2mp\entitylist_base.obj
         .\Release_hl2mp\entityoriginmaterialproxy.obj
         .\Release_hl2mp\EntityParticleTrail_Shared.obj
         .\Release_hl2mp\env_detail_controller.obj
         .\Release_hl2mp\env_wind_shared.obj
         .\Release_hl2mp\eventlist.obj
         .\Release_hl2mp\filesystem_helpers.obj
         .\Release_hl2mp\flashlighteffect.obj
         .\Release_hl2mp\func_ladder.obj
         .\Release_hl2mp\functionproxy.obj
         .\Release_hl2mp\fx_blood.obj
         .\Release_hl2mp\fx_cube.obj
         .\Release_hl2mp\fx_explosion.obj
         .\Release_hl2mp\fx_fleck.obj
         .\Release_hl2mp\fx_impact.obj
         .\Release_hl2mp\fx_interpvalue.obj
         .\Release_hl2mp\fx_quad.obj
         .\Release_hl2mp\fx_shelleject.obj
         .\Release_hl2mp\fx_staticline.obj
         .\Release_hl2mp\fx_tracer.obj
         .\Release_hl2mp\fx_trail.obj
         .\Release_hl2mp\fx_water.obj
         .\Release_hl2mp\gamemovement.obj
         .\Release_hl2mp\gamerules.obj
         .\Release_hl2mp\gamerules_register.obj
         .\Release_hl2mp\GameStats.obj
         .\Release_hl2mp\gamestringpool.obj
         .\Release_hl2mp\gametrace_client.obj
         .\Release_hl2mp\gamevars_shared.obj
         .\Release_hl2mp\geiger.obj
         .\Release_hl2mp\glow_overlay.obj
         .\Release_hl2mp\hintmessage.obj
         .\Release_hl2mp\hintsystem.obj
         .\Release_hl2mp\history_resource.obj
         .\Release_hl2mp\hltvcamera.obj
         .\Release_hl2mp\hud.obj
         .\Release_hl2mp\hud_animationinfo.obj
         .\Release_hl2mp\hud_autoaim.obj
         .\Release_hl2mp\hud_basechat.obj
         .\Release_hl2mp\hud_basetimer.obj
         .\Release_hl2mp\hud_bitmapnumericdisplay.obj
         .\Release_hl2mp\hud_closecaption.obj
         .\Release_hl2mp\hud_crosshair.obj
         .\Release_hl2mp\hud_element_helper.obj
         .\Release_hl2mp\hud_filmdemo.obj
         .\Release_hl2mp\hud_hdrdemo.obj
         .\Release_hl2mp\hud_hintdisplay.obj
         .\Release_hl2mp\hud_lcd.obj
         .\Release_hl2mp\hud_msg.obj
         .\Release_hl2mp\hud_numericdisplay.obj
         .\Release_hl2mp\hud_pdump.obj
         .\Release_hl2mp\hud_redraw.obj
         .\Release_hl2mp\hud_vehicle.obj
         .\Release_hl2mp\hud_voicestatus.obj
         .\Release_hl2mp\hud_weapon.obj
         .\Release_hl2mp\igamesystem.obj
         .\Release_hl2mp\in_camera.obj
         .\Release_hl2mp\in_joystick.obj
         .\Release_hl2mp\in_main.obj
         .\Release_hl2mp\in_mouse.obj
         .\Release_hl2mp\initializer.obj
         .\Release_hl2mp\interpolatedvar.obj
         .\Release_hl2mp\interpolatortypes.obj
         .\Release_hl2mp\interval.obj
         .\Release_hl2mp\IsNPCProxy.obj
         .\Release_hl2mp\jigglebones.obj
         .\Release_hl2mp\lampbeamproxy.obj
         .\Release_hl2mp\lamphaloproxy.obj
         .\Release_hl2mp\mapentities_shared.obj
         .\Release_hl2mp\mathproxy.obj
         .\Release_hl2mp\matrixproxy.obj
         .\Release_hl2mp\memoverride.obj
         .\Release_hl2mp\menu.obj
         .\Release_hl2mp\message.obj
         .\Release_hl2mp\movehelper_client.obj
         .\Release_hl2mp\movevars_shared.obj
         .\Release_hl2mp\mp_shareddefs.obj
         .\Release_hl2mp\multiplay_gamerules.obj
         .\Release_hl2mp\networkvar.obj
         .\Release_hl2mp\obstacle_pushaway.obj
         .\Release_hl2mp\panelmetaclassmgr.obj
         .\Release_hl2mp\particle_collision.obj
         .\Release_hl2mp\particle_litsmokeemitter.obj
         .\Release_hl2mp\particle_parse.obj
         .\Release_hl2mp\particle_property.obj
         .\Release_hl2mp\particle_proxies.obj
         .\Release_hl2mp\particle_simple3d.obj
         .\Release_hl2mp\particlemgr.obj
         .\Release_hl2mp\particles_attractor.obj
         .\Release_hl2mp\particles_ez.obj
         .\Release_hl2mp\particles_localspace.obj
         .\Release_hl2mp\particles_new.obj
         .\Release_hl2mp\particles_simple.obj
         .\Release_hl2mp\particlesystemquery.obj
         .\Release_hl2mp\perfvisualbenchmark.obj
         .\Release_hl2mp\physics.obj
         .\Release_hl2mp\physics_main_client.obj
         .\Release_hl2mp\physics_main_shared.obj
         .\Release_hl2mp\physics_saverestore.obj
         .\Release_hl2mp\physics_shared.obj
         .\Release_hl2mp\physpropclientside.obj
         .\Release_hl2mp\playerandobjectenumerator.obj
         .\Release_hl2mp\point_bonusmaps_accessor.obj
         .\Release_hl2mp\point_posecontroller.obj
         .\Release_hl2mp\posedebugger.obj
         .\Release_hl2mp\precache_register.obj
         .\Release_hl2mp\predictableid.obj
         .\Release_hl2mp\predicted_viewmodel.obj
         .\Release_hl2mp\prediction.obj
         .\Release_hl2mp\predictioncopy.obj
         .\Release_hl2mp\props_shared.obj
         .\Release_hl2mp\proxyentity.obj
         .\Release_hl2mp\ProxyHealth.obj
         .\Release_hl2mp\proxyplayer.obj
         .\Release_hl2mp\proxypupil.obj
         .\Release_hl2mp\ragdoll.obj
         .\Release_hl2mp\ragdoll_shared.obj
         .\Release_hl2mp\randoverride.obj
         .\Release_hl2mp\recvproxy.obj
         .\Release_hl2mp\rendertexture.obj
         .\Release_hl2mp\rope_helpers.obj
         .\Release_hl2mp\rope_physics.obj
         .\Release_hl2mp\saverestore.obj
         .\Release_hl2mp\sceneentity_shared.obj
         .\Release_hl2mp\scratchpad3d.obj
         .\Release_hl2mp\ScratchPadUtils.obj
         .\Release_hl2mp\ScreenSpaceEffects.obj
         .\Release_hl2mp\sentence.obj
         .\Release_hl2mp\sequence_Transitioner.obj
         .\Release_hl2mp\sheetsimulator.obj
         .\Release_hl2mp\simple_keys.obj
         .\Release_hl2mp\simple_physics.obj
         .\Release_hl2mp\simtimer.obj
         .\Release_hl2mp\singleplay_gamerules.obj
         .\Release_hl2mp\SoundEmitterSystem.obj
         .\Release_hl2mp\soundenvelope.obj
         .\Release_hl2mp\SoundParametersInternal.obj
         .\Release_hl2mp\splinepatch.obj
         .\Release_hl2mp\Sprite.obj
         .\Release_hl2mp\spritemodel.obj
         .\Release_hl2mp\SpriteTrail.obj
         .\Release_hl2mp\stringregistry.obj
         .\Release_hl2mp\studio.obj
         .\Release_hl2mp\studio_shared.obj
         .\Release_hl2mp\takedamageinfo.obj
         .\Release_hl2mp\teamplay_gamerules.obj
         .\Release_hl2mp\test_ehandle.obj
         .\Release_hl2mp\text_message.obj
         .\Release_hl2mp\texturescrollmaterialproxy.obj
         .\Release_hl2mp\timematerialproxy.obj
         .\Release_hl2mp\toggletextureproxy.obj
         .\Release_hl2mp\train.obj
         .\Release_hl2mp\usercmd.obj
         .\Release_hl2mp\usermessages.obj
         .\Release_hl2mp\util_shared.obj
         .\Release_hl2mp\vallocator.obj
         .\Release_hl2mp\vehicle_viewblend_shared.obj
         .\Release_hl2mp\vgui_avatarimage.obj
         .\Release_hl2mp\vgui_basepanel.obj
         .\Release_hl2mp\vgui_bitmapbutton.obj
         .\Release_hl2mp\vgui_bitmapimage.obj
         .\Release_hl2mp\vgui_bitmappanel.obj
         .\Release_hl2mp\vgui_centerstringpanel.obj
         .\Release_hl2mp\vgui_consolepanel.obj
         .\Release_hl2mp\vgui_controls.obj
         .\Release_hl2mp\vgui_debugoverlaypanel.obj
         .\Release_hl2mp\vgui_fpspanel.obj
         .\Release_hl2mp\vgui_game_viewport.obj
         .\Release_hl2mp\vgui_grid.obj
         .\Release_hl2mp\vgui_int.obj
         .\Release_hl2mp\vgui_loadingdiscpanel.obj
         .\Release_hl2mp\vgui_messagechars.obj
         .\Release_hl2mp\vgui_netgraphpanel.obj
         .\Release_hl2mp\vgui_slideshow_display_screen.obj
         .\Release_hl2mp\view.obj
         .\Release_hl2mp\view_beams.obj
         .\Release_hl2mp\view_effects.obj
         .\Release_hl2mp\view_scene.obj
         .\Release_hl2mp\viewangleanim.obj
         .\Release_hl2mp\ViewConeImage.obj
         .\Release_hl2mp\viewdebug.obj
         .\Release_hl2mp\viewpostprocess.obj
         .\Release_hl2mp\viewrender.obj
         .\Release_hl2mp\voice_banmgr.obj
         .\Release_hl2mp\voice_status.obj
         .\Release_hl2mp\warp_overlay.obj
         .\Release_hl2mp\WaterLODMaterialProxy.obj
         .\Release_hl2mp\weapon_parse.obj
         .\Release_hl2mp\weapon_selection.obj
         .\Release_hl2mp\weapons_resource.obj
         .\Release_hl2mp\WorldDimsProxy.obj
         .\Release_hl2mp\stdafx.obj
         .\Release_hl2mp\c_basetempentity.obj
         .\Release_hl2mp\c_effects.obj
         .\Release_hl2mp\c_impact_effects.obj
         .\Release_hl2mp\c_movie_explosion.obj
         .\Release_hl2mp\c_particle_fire.obj
         .\Release_hl2mp\c_particle_smokegrenade.obj
         .\Release_hl2mp\c_prop_vehicle.obj
         .\Release_hl2mp\c_recipientfilter.obj
         .\Release_hl2mp\c_smoke_trail.obj
         .\Release_hl2mp\c_smokestack.obj
         .\Release_hl2mp\c_steamjet.obj
         .\Release_hl2mp\c_stickybolt.obj
         .\Release_hl2mp\c_te.obj
         .\Release_hl2mp\c_te_armorricochet.obj
         .\Release_hl2mp\c_te_basebeam.obj
         .\Release_hl2mp\c_te_beamentpoint.obj
         .\Release_hl2mp\c_te_beaments.obj
         .\Release_hl2mp\c_te_beamfollow.obj
         .\Release_hl2mp\c_te_beamlaser.obj
         .\Release_hl2mp\c_te_beampoints.obj
         .\Release_hl2mp\c_te_beamring.obj
         .\Release_hl2mp\c_te_beamringpoint.obj
         .\Release_hl2mp\c_te_beamspline.obj
         .\Release_hl2mp\c_te_bloodsprite.obj
         .\Release_hl2mp\c_te_bloodstream.obj
         .\Release_hl2mp\c_te_breakmodel.obj
         .\Release_hl2mp\c_te_bspdecal.obj
         .\Release_hl2mp\c_te_bubbles.obj
         .\Release_hl2mp\c_te_bubbletrail.obj
         .\Release_hl2mp\c_te_clientprojectile.obj
         .\Release_hl2mp\c_te_decal.obj
         .\Release_hl2mp\c_te_dynamiclight.obj
         .\Release_hl2mp\c_te_effect_dispatch.obj
         .\Release_hl2mp\c_te_energysplash.obj
         .\Release_hl2mp\c_te_explosion.obj
         .\Release_hl2mp\c_te_fizz.obj
         .\Release_hl2mp\c_te_footprint.obj
         .\Release_hl2mp\c_te_glassshatter.obj
         .\Release_hl2mp\c_te_glowsprite.obj
         .\Release_hl2mp\c_te_impact.obj
         .\Release_hl2mp\c_te_killplayerattachments.obj
         .\Release_hl2mp\c_te_largefunnel.obj
         .\Release_hl2mp\c_te_legacytempents.obj
         .\Release_hl2mp\c_te_muzzleflash.obj
         .\Release_hl2mp\c_te_particlesystem.obj
         .\Release_hl2mp\c_te_physicsprop.obj
         .\Release_hl2mp\c_te_playerdecal.obj
         .\Release_hl2mp\c_te_projecteddecal.obj
         .\Release_hl2mp\c_te_showline.obj
         .\Release_hl2mp\c_te_smoke.obj
         .\Release_hl2mp\c_te_sparks.obj
         .\Release_hl2mp\c_te_sprite.obj
         .\Release_hl2mp\c_te_spritespray.obj
         .\Release_hl2mp\c_te_worlddecal.obj
         .\Release_hl2mp\c_testtraceline.obj
         .\Release_hl2mp\c_tracer.obj
         .\Release_hl2mp\fx.obj
         .\Release_hl2mp\fx_discreetline.obj
         .\Release_hl2mp\fx_envelope.obj
         .\Release_hl2mp\fx_line.obj
         .\Release_hl2mp\fx_sparks.obj
         .\Release_hl2mp\particlesphererenderer.obj
         .\Release_hl2mp\smoke_fog_overlay.obj
         .\Release_hl2mp\basemodel_panel.obj
         .\Release_hl2mp\basemodelpanel.obj
         .\Release_hl2mp\baseviewport.obj
         .\Release_hl2mp\classmenu.obj
         .\Release_hl2mp\ClientScoreBoardDialog.obj
         .\Release_hl2mp\commandmenu.obj
         .\Release_hl2mp\IconPanel.obj
         .\Release_hl2mp\intromenu.obj
         .\Release_hl2mp\MapOverview.obj
         .\Release_hl2mp\NavProgress.obj
         .\Release_hl2mp\SpectatorGUI.obj
         .\Release_hl2mp\teammenu.obj
         .\Release_hl2mp\vguitextwindow.obj
         .\Release_hl2mp\basehlcombatweapon_shared.obj
         .\Release_hl2mp\c_antlion_dust.obj
         .\Release_hl2mp\c_ar2_explosion.obj
         .\Release_hl2mp\c_barnacle.obj
         .\Release_hl2mp\c_barney.obj
         .\Release_hl2mp\c_basehelicopter.obj
         .\Release_hl2mp\c_basehlcombatweapon.obj
         .\Release_hl2mp\c_basehlplayer.obj
         .\Release_hl2mp\c_citadel_effects.obj
         .\Release_hl2mp\c_corpse.obj
         .\Release_hl2mp\c_env_alyxtemp.obj
         .\Release_hl2mp\c_env_headcrabcanister.obj
         .\Release_hl2mp\c_env_starfield.obj
         .\Release_hl2mp\c_func_tankmortar.obj
         .\Release_hl2mp\c_hl2_playerlocaldata.obj
         .\Release_hl2mp\c_info_teleporter_countdown.obj
         .\Release_hl2mp\c_npc_antlionguard.obj
         .\Release_hl2mp\c_npc_combinegunship.obj
         .\Release_hl2mp\c_npc_manhack.obj
         .\Release_hl2mp\c_npc_rollermine.obj
         .\Release_hl2mp\c_plasma_beam_node.obj
         .\Release_hl2mp\c_prop_combine_ball.obj
         .\Release_hl2mp\c_rotorwash.obj
         .\Release_hl2mp\c_script_intro.obj
         .\Release_hl2mp\c_strider.obj
         .\Release_hl2mp\c_te_concussiveexplosion.obj
         .\Release_hl2mp\c_te_flare.obj
         .\Release_hl2mp\c_thumper_dust.obj
         .\Release_hl2mp\c_vehicle_airboat.obj
         .\Release_hl2mp\c_vehicle_cannon.obj
         .\Release_hl2mp\c_vehicle_crane.obj
         .\Release_hl2mp\c_vehicle_prisoner_pod.obj
         .\Release_hl2mp\c_vort_charge_token.obj
         .\Release_hl2mp\c_weapon__stubs_hl2.obj
         .\Release_hl2mp\c_weapon_crossbow.obj
         .\Release_hl2mp\env_headcrabcanister_shared.obj
         .\Release_hl2mp\fx_antlion.obj
         .\Release_hl2mp\fx_bugbait.obj
         .\Release_hl2mp\fx_hl2_impacts.obj
         .\Release_hl2mp\fx_hl2_tracers.obj
         .\Release_hl2mp\hl2_clientmode.obj
         .\Release_hl2mp\hl2_gamerules.obj
         .\Release_hl2mp\hl2_usermessages.obj
         .\Release_hl2mp\hl_gamemovement.obj
         .\Release_hl2mp\hl_in_main.obj
         .\Release_hl2mp\hl_prediction.obj
         .\Release_hl2mp\hud_ammo.obj
         .\Release_hl2mp\hud_battery.obj
         .\Release_hl2mp\hud_blood.obj
         .\Release_hl2mp\hud_credits.obj
         .\Release_hl2mp\hud_damageindicator.obj
         .\Release_hl2mp\hud_flashlight.obj
         .\Release_hl2mp\hud_health.obj
         .\Release_hl2mp\hud_poisondamageindicator.obj
         .\Release_hl2mp\hud_quickinfo.obj
         .\Release_hl2mp\hud_squadstatus.obj
         .\Release_hl2mp\hud_suitpower.obj
         .\Release_hl2mp\hud_weaponselection.obj
         .\Release_hl2mp\hud_zoom.obj
         .\Release_hl2mp\script_intro_shared.obj
         .\Release_hl2mp\shieldproxy.obj
         .\Release_hl2mp\vgui_rootpanel_hl2.obj
         .\Release_hl2mp\c_hl2mp_player.obj
         .\Release_hl2mp\c_te_hl2mp_shotgun_shot.obj
         .\Release_hl2mp\clientmode_hl2mpnormal.obj
         .\Release_hl2mp\hl2mp_gamerules.obj
         .\Release_hl2mp\hl2mp_player_shared.obj
         .\Release_hl2mp\hl2mp_playeranimstate.obj
         .\Release_hl2mp\hl2mp_weapon_parse.obj
         .\Release_hl2mp\weapon_357.obj
         .\Release_hl2mp\weapon_ar2.obj
         .\Release_hl2mp\weapon_crossbow.obj
         .\Release_hl2mp\weapon_crowbar.obj
         .\Release_hl2mp\weapon_frag.obj
         .\Release_hl2mp\weapon_hl2mpbase.obj
         .\Release_hl2mp\weapon_hl2mpbase_machinegun.obj
         .\Release_hl2mp\weapon_hl2mpbasebasebludgeon.obj
         .\Release_hl2mp\weapon_hl2mpbasehlmpcombatweapon.obj
         .\Release_hl2mp\weapon_physcannon.obj
         .\Release_hl2mp\weapon_pistol.obj
         .\Release_hl2mp\weapon_rpg.obj
         .\Release_hl2mp\weapon_shotgun.obj
         .\Release_hl2mp\weapon_slam.obj
         .\Release_hl2mp\weapon_smg1.obj
         .\Release_hl2mp\weapon_stunstick.obj
         .\Release_hl2mp\backgroundpanel.obj
         .\Release_hl2mp\hl2mp_hud_chat.obj
         .\Release_hl2mp\hl2mp_hud_target_id.obj
         .\Release_hl2mp\hl2mp_hud_team.obj
         .\Release_hl2mp\hl2mpclientscoreboard.obj
         .\Release_hl2mp\hl2mptextwindow.obj
         .\Release_hl2mp\hud_deathnotice.obj
         .\Release_hl2mp\multiplayer_animstate.obj
         .\Release_hl2mp\mp3player.obj
         .\Release_hl2mp\bonelist.obj
         .\Release_hl2mp\entity_client_tools.obj
         .\Release_hl2mp\toolframework_client.obj
         ..\..\lib\public\bitmap.lib
         ..\..\lib\public\choreoobjects.lib
         ..\..\lib\public\dmxloader.lib
         ..\..\lib\public\mathlib.lib
         ..\..\lib\public\matsys_controls.lib
         ..\..\lib\public\particles.lib
         ..\..\lib\public\steam_api.lib
         ..\..\lib\public\tier0.lib
         ..\..\lib\public\tier1.lib
         ..\..\lib\public\tier2.lib
         ..\..\lib\public\tier3.lib
         ..\..\lib\public\vgui_controls.lib
         ..\..\lib\public\vstdlib.lib
            Creating library .\Release_hl2mp\Client.lib and object .\Release_hl2mp\Client.exp
         client_hl2mp-2005.vcxproj -> C:\testmod1\src\game\client\.\Release_hl2mp\Client HL2MP.dll
       CustomBuildStep:
         Description: Copying to c:\program files (x86)\steam\steamapps\SourceMods\quake-life2\bin\
         if exist "c:\program files (x86)\steam\steamapps\SourceMods\quake-life2\bin\client.dll" attrib -r "c:\program files (x86)\steam\steamapps\SourceMods\quake-life2\bin\client.dll"
         copy "C:\testmod1\src\game\client\Release_hl2mp\"client.dll "c:\program files (x86)\steam\steamapps\SourceMods\quake-life2\bin"
         if exist "c:\program files (x86)\steam\steamapps\SourceMods\quake-life2\bin\client.pdb" attrib -r "c:\program files (x86)\steam\steamapps\SourceMods\quake-life2\bin\client.pdb"
         if exist "C:\testmod1\src\game\client\Release_hl2mp\"client.pdb copy "C:\testmod1\src\game\client\Release_hl2mp\"client.pdb "c:\program files (x86)\steam\steamapps\SourceMods\quake-life2\bin\client.pdb"
         
         :VCEnd
                 1 file(s) copied.
       FinalizeBuildStatus:
         Deleting file ".\Release_hl2mp\Client HL2MP.unsuccessfulbuild".
         Touching ".\Release_hl2mp\Client HL2MP.lastbuildstate".
     1>Done Building Project "C:\testmod1\src\game\client\client_hl2mp-2005.vcxproj" (build target(s)).

Build succeeded.

Time Elapsed 00:00:30.75
